{"D:\\KAIM\\Hacktiv8\\Phase-3\\Week-3\\group-project\\pinjamanku\\server\\app.js": {"path":"D:\\KAIM\\Hacktiv8\\Phase-3\\Week-3\\group-project\\pinjamanku\\server\\app.js","statementMap":{"0":{"start":{"line":1,"column":0},"end":{"line":3,"column":1}},"1":{"start":{"line":2,"column":2},"end":{"line":2,"column":29}},"2":{"start":{"line":4,"column":16},"end":{"line":4,"column":34}},"3":{"start":{"line":5,"column":13},"end":{"line":5,"column":28}},"4":{"start":{"line":6,"column":15},"end":{"line":6,"column":34}},"5":{"start":{"line":7,"column":12},"end":{"line":7,"column":21}},"6":{"start":{"line":8,"column":27},"end":{"line":8,"column":70}},"7":{"start":{"line":9,"column":17},"end":{"line":9,"column":41}},"8":{"start":{"line":10,"column":23},"end":{"line":10,"column":60}},"9":{"start":{"line":12,"column":0},"end":{"line":12,"column":16}},"10":{"start":{"line":13,"column":0},"end":{"line":13,"column":48}},"11":{"start":{"line":14,"column":0},"end":{"line":14,"column":24}},"12":{"start":{"line":16,"column":0},"end":{"line":16,"column":62}},"13":{"start":{"line":18,"column":0},"end":{"line":18,"column":15}},"14":{"start":{"line":20,"column":0},"end":{"line":20,"column":22}},"15":{"start":{"line":22,"column":0},"end":{"line":22,"column":21}}},"fnMap":{},"branchMap":{"0":{"loc":{"start":{"line":1,"column":0},"end":{"line":3,"column":1}},"type":"if","locations":[{"start":{"line":1,"column":0},"end":{"line":3,"column":1}},{"start":{"line":1,"column":0},"end":{"line":3,"column":1}}],"line":1}},"s":{"0":2,"1":2,"2":2,"3":2,"4":2,"5":2,"6":2,"7":2,"8":2,"9":2,"10":2,"11":2,"12":2,"13":2,"14":2,"15":2},"f":{},"b":{"0":[2,0]},"_coverageSchema":"1a1c01bbd47fc00a2c39e90264f33305004495a9","hash":"49b57c4b046098a215ae0d59f98c559559bb2a2e"}
,"D:\\KAIM\\Hacktiv8\\Phase-3\\Week-3\\group-project\\pinjamanku\\server\\controllers\\loanController.js": {"path":"D:\\KAIM\\Hacktiv8\\Phase-3\\Week-3\\group-project\\pinjamanku\\server\\controllers\\loanController.js","statementMap":{"0":{"start":{"line":1,"column":35},"end":{"line":1,"column":61}},"1":{"start":{"line":2,"column":46},"end":{"line":2,"column":74}},"2":{"start":{"line":6,"column":23},"end":{"line":6,"column":32}},"3":{"start":{"line":7,"column":20},"end":{"line":7,"column":22}},"4":{"start":{"line":8,"column":4},"end":{"line":18,"column":5}},"5":{"start":{"line":9,"column":6},"end":{"line":12,"column":7}},"6":{"start":{"line":13,"column":21},"end":{"line":13,"column":88}},"7":{"start":{"line":14,"column":6},"end":{"line":14,"column":35}},"8":{"start":{"line":22,"column":23},"end":{"line":22,"column":33}},"9":{"start":{"line":23,"column":4},"end":{"line":23,"column":32}},"10":{"start":{"line":24,"column":4},"end":{"line":37,"column":5}},"11":{"start":{"line":25,"column":21},"end":{"line":28,"column":8}},"12":{"start":{"line":29,"column":6},"end":{"line":33,"column":7}},"13":{"start":{"line":30,"column":8},"end":{"line":30,"column":37}},"14":{"start":{"line":32,"column":8},"end":{"line":32,"column":51}},"15":{"start":{"line":41,"column":21},"end":{"line":41,"column":33}},"16":{"start":{"line":43,"column":4},"end":{"line":57,"column":5}},"17":{"start":{"line":44,"column":21},"end":{"line":47,"column":8}},"18":{"start":{"line":48,"column":6},"end":{"line":53,"column":7}},"19":{"start":{"line":49,"column":8},"end":{"line":49,"column":37}},"20":{"start":{"line":61,"column":23},"end":{"line":61,"column":35}},"21":{"start":{"line":63,"column":4},"end":{"line":74,"column":5}},"22":{"start":{"line":64,"column":21},"end":{"line":64,"column":95}},"23":{"start":{"line":65,"column":6},"end":{"line":70,"column":7}},"24":{"start":{"line":66,"column":8},"end":{"line":66,"column":37}},"25":{"start":{"line":78,"column":36},"end":{"line":78,"column":44}},"26":{"start":{"line":81,"column":30},"end":{"line":81,"column":38}},"27":{"start":{"line":82,"column":21},"end":{"line":82,"column":56}},"28":{"start":{"line":83,"column":4},"end":{"line":109,"column":5}},"29":{"start":{"line":84,"column":23},"end":{"line":91,"column":7}},"30":{"start":{"line":93,"column":25},"end":{"line":93,"column":52}},"31":{"start":{"line":95,"column":22},"end":{"line":101,"column":8}},"32":{"start":{"line":102,"column":6},"end":{"line":105,"column":9}},"33":{"start":{"line":113,"column":22},"end":{"line":113,"column":30}},"34":{"start":{"line":115,"column":23},"end":{"line":115,"column":31}},"35":{"start":{"line":116,"column":4},"end":{"line":135,"column":5}},"36":{"start":{"line":117,"column":23},"end":{"line":117,"column":68}},"37":{"start":{"line":119,"column":33},"end":{"line":119,"column":83}},"38":{"start":{"line":121,"column":22},"end":{"line":127,"column":8}},"39":{"start":{"line":128,"column":6},"end":{"line":131,"column":9}},"40":{"start":{"line":140,"column":25},"end":{"line":140,"column":33}},"41":{"start":{"line":142,"column":4},"end":{"line":167,"column":5}},"42":{"start":{"line":143,"column":19},"end":{"line":151,"column":7}},"43":{"start":{"line":153,"column":33},"end":{"line":153,"column":75}},"44":{"start":{"line":155,"column":27},"end":{"line":162,"column":8}},"45":{"start":{"line":163,"column":6},"end":{"line":163,"column":41}},"46":{"start":{"line":172,"column":23},"end":{"line":172,"column":31}},"47":{"start":{"line":173,"column":31},"end":{"line":173,"column":39}},"48":{"start":{"line":175,"column":4},"end":{"line":195,"column":5}},"49":{"start":{"line":176,"column":23},"end":{"line":176,"column":68}},"50":{"start":{"line":177,"column":27},"end":{"line":177,"column":80}},"51":{"start":{"line":178,"column":6},"end":{"line":178,"column":79}},"52":{"start":{"line":179,"column":33},"end":{"line":179,"column":83}},"53":{"start":{"line":181,"column":28},"end":{"line":188,"column":7}},"54":{"start":{"line":190,"column":27},"end":{"line":190,"column":73}},"55":{"start":{"line":191,"column":6},"end":{"line":191,"column":41}},"56":{"start":{"line":199,"column":44},"end":{"line":199,"column":52}},"57":{"start":{"line":200,"column":4},"end":{"line":223,"column":5}},"58":{"start":{"line":201,"column":6},"end":{"line":219,"column":7}},"59":{"start":{"line":202,"column":8},"end":{"line":202,"column":51}},"60":{"start":{"line":203,"column":13},"end":{"line":219,"column":7}},"61":{"start":{"line":204,"column":8},"end":{"line":218,"column":9}},"62":{"start":{"line":205,"column":25},"end":{"line":205,"column":50}},"63":{"start":{"line":206,"column":27},"end":{"line":209,"column":11}},"64":{"start":{"line":210,"column":10},"end":{"line":210,"column":67}},"65":{"start":{"line":212,"column":25},"end":{"line":212,"column":50}},"66":{"start":{"line":213,"column":27},"end":{"line":216,"column":11}},"67":{"start":{"line":217,"column":10},"end":{"line":217,"column":65}},"68":{"start":{"line":227,"column":36},"end":{"line":227,"column":44}},"69":{"start":{"line":228,"column":4},"end":{"line":251,"column":5}},"70":{"start":{"line":229,"column":6},"end":{"line":247,"column":7}},"71":{"start":{"line":230,"column":8},"end":{"line":230,"column":51}},"72":{"start":{"line":231,"column":13},"end":{"line":247,"column":7}},"73":{"start":{"line":232,"column":8},"end":{"line":246,"column":9}},"74":{"start":{"line":233,"column":25},"end":{"line":233,"column":50}},"75":{"start":{"line":234,"column":27},"end":{"line":237,"column":11}},"76":{"start":{"line":238,"column":10},"end":{"line":238,"column":67}},"77":{"start":{"line":240,"column":25},"end":{"line":240,"column":50}},"78":{"start":{"line":241,"column":27},"end":{"line":244,"column":11}},"79":{"start":{"line":245,"column":10},"end":{"line":245,"column":65}},"80":{"start":{"line":255,"column":0},"end":{"line":255,"column":32}}},"fnMap":{"0":{"name":"(anonymous_0)","decl":{"start":{"line":5,"column":2},"end":{"line":5,"column":3}},"loc":{"start":{"line":5,"column":38},"end":{"line":19,"column":3}},"line":5},"1":{"name":"(anonymous_1)","decl":{"start":{"line":21,"column":2},"end":{"line":21,"column":3}},"loc":{"start":{"line":21,"column":39},"end":{"line":38,"column":3}},"line":21},"2":{"name":"(anonymous_2)","decl":{"start":{"line":40,"column":2},"end":{"line":40,"column":3}},"loc":{"start":{"line":40,"column":45},"end":{"line":58,"column":3}},"line":40},"3":{"name":"(anonymous_3)","decl":{"start":{"line":60,"column":2},"end":{"line":60,"column":3}},"loc":{"start":{"line":60,"column":47},"end":{"line":75,"column":3}},"line":60},"4":{"name":"(anonymous_4)","decl":{"start":{"line":77,"column":2},"end":{"line":77,"column":3}},"loc":{"start":{"line":77,"column":51},"end":{"line":110,"column":3}},"line":77},"5":{"name":"(anonymous_5)","decl":{"start":{"line":112,"column":2},"end":{"line":112,"column":3}},"loc":{"start":{"line":112,"column":53},"end":{"line":136,"column":3}},"line":112},"6":{"name":"(anonymous_6)","decl":{"start":{"line":138,"column":2},"end":{"line":138,"column":3}},"loc":{"start":{"line":138,"column":48},"end":{"line":168,"column":3}},"line":138},"7":{"name":"(anonymous_7)","decl":{"start":{"line":170,"column":2},"end":{"line":170,"column":3}},"loc":{"start":{"line":170,"column":50},"end":{"line":196,"column":3}},"line":170},"8":{"name":"(anonymous_8)","decl":{"start":{"line":198,"column":2},"end":{"line":198,"column":3}},"loc":{"start":{"line":198,"column":47},"end":{"line":224,"column":3}},"line":198},"9":{"name":"(anonymous_9)","decl":{"start":{"line":226,"column":2},"end":{"line":226,"column":3}},"loc":{"start":{"line":226,"column":52},"end":{"line":252,"column":3}},"line":226}},"branchMap":{"0":{"loc":{"start":{"line":9,"column":6},"end":{"line":12,"column":7}},"type":"if","locations":[{"start":{"line":9,"column":6},"end":{"line":12,"column":7}},{"start":{"line":9,"column":6},"end":{"line":12,"column":7}}],"line":9},"1":{"loc":{"start":{"line":29,"column":6},"end":{"line":33,"column":7}},"type":"if","locations":[{"start":{"line":29,"column":6},"end":{"line":33,"column":7}},{"start":{"line":29,"column":6},"end":{"line":33,"column":7}}],"line":29},"2":{"loc":{"start":{"line":48,"column":6},"end":{"line":53,"column":7}},"type":"if","locations":[{"start":{"line":48,"column":6},"end":{"line":53,"column":7}},{"start":{"line":48,"column":6},"end":{"line":53,"column":7}}],"line":48},"3":{"loc":{"start":{"line":65,"column":6},"end":{"line":70,"column":7}},"type":"if","locations":[{"start":{"line":65,"column":6},"end":{"line":70,"column":7}},{"start":{"line":65,"column":6},"end":{"line":70,"column":7}}],"line":65},"4":{"loc":{"start":{"line":201,"column":6},"end":{"line":219,"column":7}},"type":"if","locations":[{"start":{"line":201,"column":6},"end":{"line":219,"column":7}},{"start":{"line":201,"column":6},"end":{"line":219,"column":7}}],"line":201},"5":{"loc":{"start":{"line":203,"column":13},"end":{"line":219,"column":7}},"type":"if","locations":[{"start":{"line":203,"column":13},"end":{"line":219,"column":7}},{"start":{"line":203,"column":13},"end":{"line":219,"column":7}}],"line":203},"6":{"loc":{"start":{"line":204,"column":8},"end":{"line":218,"column":9}},"type":"if","locations":[{"start":{"line":204,"column":8},"end":{"line":218,"column":9}},{"start":{"line":204,"column":8},"end":{"line":218,"column":9}}],"line":204},"7":{"loc":{"start":{"line":229,"column":6},"end":{"line":247,"column":7}},"type":"if","locations":[{"start":{"line":229,"column":6},"end":{"line":247,"column":7}},{"start":{"line":229,"column":6},"end":{"line":247,"column":7}}],"line":229},"8":{"loc":{"start":{"line":231,"column":13},"end":{"line":247,"column":7}},"type":"if","locations":[{"start":{"line":231,"column":13},"end":{"line":247,"column":7}},{"start":{"line":231,"column":13},"end":{"line":247,"column":7}}],"line":231},"9":{"loc":{"start":{"line":232,"column":8},"end":{"line":246,"column":9}},"type":"if","locations":[{"start":{"line":232,"column":8},"end":{"line":246,"column":9}},{"start":{"line":232,"column":8},"end":{"line":246,"column":9}}],"line":232}},"s":{"0":2,"1":2,"2":1,"3":1,"4":1,"5":1,"6":1,"7":1,"8":2,"9":2,"10":2,"11":2,"12":2,"13":1,"14":1,"15":1,"16":1,"17":1,"18":1,"19":1,"20":1,"21":1,"22":1,"23":1,"24":1,"25":1,"26":1,"27":1,"28":1,"29":1,"30":1,"31":1,"32":1,"33":1,"34":1,"35":1,"36":1,"37":1,"38":1,"39":1,"40":1,"41":1,"42":1,"43":1,"44":1,"45":1,"46":1,"47":1,"48":1,"49":1,"50":1,"51":1,"52":1,"53":1,"54":1,"55":1,"56":3,"57":3,"58":3,"59":1,"60":2,"61":2,"62":1,"63":1,"64":1,"65":1,"66":1,"67":1,"68":3,"69":3,"70":3,"71":1,"72":2,"73":2,"74":1,"75":1,"76":1,"77":1,"78":1,"79":1,"80":2},"f":{"0":1,"1":2,"2":1,"3":1,"4":1,"5":1,"6":1,"7":1,"8":3,"9":3},"b":{"0":[0,1],"1":[1,1],"2":[1,0],"3":[1,0],"4":[1,2],"5":[2,0],"6":[1,1],"7":[1,2],"8":[2,0],"9":[1,1]},"_coverageSchema":"1a1c01bbd47fc00a2c39e90264f33305004495a9","hash":"90d53c1af4f671c540ff87a3e18556adadd84bdb"}
,"D:\\KAIM\\Hacktiv8\\Phase-3\\Week-3\\group-project\\pinjamanku\\server\\controllers\\scheduleController.js": {"path":"D:\\KAIM\\Hacktiv8\\Phase-3\\Week-3\\group-project\\pinjamanku\\server\\controllers\\scheduleController.js","statementMap":{"0":{"start":{"line":1,"column":27},"end":{"line":1,"column":53}},"1":{"start":{"line":2,"column":19},"end":{"line":2,"column":40}},"2":{"start":{"line":6,"column":4},"end":{"line":53,"column":5}},"3":{"start":{"line":7,"column":21},"end":{"line":7,"column":74}},"4":{"start":{"line":8,"column":6},"end":{"line":50,"column":7}},"5":{"start":{"line":9,"column":8},"end":{"line":46,"column":11}},"6":{"start":{"line":10,"column":10},"end":{"line":45,"column":11}},"7":{"start":{"line":11,"column":26},"end":{"line":11,"column":59}},"8":{"start":{"line":12,"column":27},"end":{"line":12,"column":37}},"9":{"start":{"line":13,"column":12},"end":{"line":16,"column":14}},"10":{"start":{"line":18,"column":33},"end":{"line":18,"column":91}},"11":{"start":{"line":19,"column":26},"end":{"line":19,"column":44}},"12":{"start":{"line":21,"column":34},"end":{"line":30,"column":14}},"13":{"start":{"line":32,"column":29},"end":{"line":37,"column":14}},"14":{"start":{"line":39,"column":34},"end":{"line":39,"column":67}},"15":{"start":{"line":40,"column":27},"end":{"line":40,"column":37}},"16":{"start":{"line":41,"column":12},"end":{"line":44,"column":14}},"17":{"start":{"line":47,"column":8},"end":{"line":47,"column":43}},"18":{"start":{"line":49,"column":8},"end":{"line":49,"column":57}},"19":{"start":{"line":52,"column":6},"end":{"line":52,"column":34}},"20":{"start":{"line":57,"column":0},"end":{"line":57,"column":36}}},"fnMap":{"0":{"name":"(anonymous_0)","decl":{"start":{"line":5,"column":2},"end":{"line":5,"column":3}},"loc":{"start":{"line":5,"column":25},"end":{"line":54,"column":3}},"line":5},"1":{"name":"(anonymous_1)","decl":{"start":{"line":9,"column":23},"end":{"line":9,"column":24}},"loc":{"start":{"line":9,"column":39},"end":{"line":46,"column":9}},"line":9}},"branchMap":{"0":{"loc":{"start":{"line":8,"column":6},"end":{"line":50,"column":7}},"type":"if","locations":[{"start":{"line":8,"column":6},"end":{"line":50,"column":7}},{"start":{"line":8,"column":6},"end":{"line":50,"column":7}}],"line":8},"1":{"loc":{"start":{"line":10,"column":10},"end":{"line":45,"column":11}},"type":"if","locations":[{"start":{"line":10,"column":10},"end":{"line":45,"column":11}},{"start":{"line":10,"column":10},"end":{"line":45,"column":11}}],"line":10}},"s":{"0":2,"1":2,"2":0,"3":0,"4":0,"5":0,"6":0,"7":0,"8":0,"9":0,"10":0,"11":0,"12":0,"13":0,"14":0,"15":0,"16":0,"17":0,"18":0,"19":0,"20":2},"f":{"0":0,"1":0},"b":{"0":[0,0],"1":[0,0]},"_coverageSchema":"1a1c01bbd47fc00a2c39e90264f33305004495a9","hash":"c7d2302744c000685ba027a4a23058ad3e88c7ae"}
,"D:\\KAIM\\Hacktiv8\\Phase-3\\Week-3\\group-project\\pinjamanku\\server\\controllers\\userController.js": {"path":"D:\\KAIM\\Hacktiv8\\Phase-3\\Week-3\\group-project\\pinjamanku\\server\\controllers\\userController.js","statementMap":{"0":{"start":{"line":1,"column":36},"end":{"line":1,"column":56}},"1":{"start":{"line":2,"column":28},"end":{"line":2,"column":56}},"2":{"start":{"line":3,"column":26},"end":{"line":3,"column":51}},"3":{"start":{"line":4,"column":19},"end":{"line":4,"column":48}},"4":{"start":{"line":5,"column":20},"end":{"line":5,"column":47}},"5":{"start":{"line":9,"column":4},"end":{"line":20,"column":5}},"6":{"start":{"line":10,"column":21},"end":{"line":10,"column":43}},"7":{"start":{"line":11,"column":23},"end":{"line":11,"column":47}},"8":{"start":{"line":13,"column":6},"end":{"line":16,"column":9}},"9":{"start":{"line":24,"column":23},"end":{"line":24,"column":33}},"10":{"start":{"line":25,"column":21},"end":{"line":25,"column":30}},"11":{"start":{"line":26,"column":4},"end":{"line":41,"column":5}},"12":{"start":{"line":27,"column":6},"end":{"line":37,"column":7}},"13":{"start":{"line":28,"column":29},"end":{"line":28,"column":76}},"14":{"start":{"line":29,"column":8},"end":{"line":29,"column":43}},"15":{"start":{"line":30,"column":13},"end":{"line":37,"column":7}},"16":{"start":{"line":31,"column":31},"end":{"line":31,"column":80}},"17":{"start":{"line":32,"column":8},"end":{"line":32,"column":45}},"18":{"start":{"line":34,"column":8},"end":{"line":36,"column":11}},"19":{"start":{"line":45,"column":4},"end":{"line":145,"column":5}},"20":{"start":{"line":59,"column":10},"end":{"line":59,"column":18}},"21":{"start":{"line":61,"column":6},"end":{"line":142,"column":7}},"22":{"start":{"line":62,"column":25},"end":{"line":66,"column":9}},"23":{"start":{"line":67,"column":29},"end":{"line":67,"column":57}},"24":{"start":{"line":68,"column":55},"end":{"line":68,"column":67}},"25":{"start":{"line":70,"column":8},"end":{"line":76,"column":9}},"26":{"start":{"line":71,"column":10},"end":{"line":71,"column":39}},"27":{"start":{"line":77,"column":13},"end":{"line":142,"column":7}},"28":{"start":{"line":78,"column":26},"end":{"line":92,"column":9}},"29":{"start":{"line":93,"column":30},"end":{"line":93,"column":60}},"30":{"start":{"line":94,"column":55},"end":{"line":94,"column":68}},"31":{"start":{"line":96,"column":8},"end":{"line":102,"column":9}},"32":{"start":{"line":97,"column":10},"end":{"line":97,"column":39}},"33":{"start":{"line":103,"column":13},"end":{"line":142,"column":7}},"34":{"start":{"line":104,"column":28},"end":{"line":104,"column":38}},"35":{"start":{"line":105,"column":28},"end":{"line":119,"column":9}},"36":{"start":{"line":120,"column":26},"end":{"line":120,"column":89}},"37":{"start":{"line":139,"column":8},"end":{"line":141,"column":11}},"38":{"start":{"line":144,"column":6},"end":{"line":144,"column":18}},"39":{"start":{"line":149,"column":4},"end":{"line":232,"column":5}},"40":{"start":{"line":150,"column":34},"end":{"line":150,"column":42}},"41":{"start":{"line":151,"column":6},"end":{"line":229,"column":7}},"42":{"start":{"line":152,"column":28},"end":{"line":152,"column":69}},"43":{"start":{"line":153,"column":8},"end":{"line":174,"column":9}},"44":{"start":{"line":154,"column":69},"end":{"line":154,"column":80}},"45":{"start":{"line":155,"column":34},"end":{"line":155,"column":74}},"46":{"start":{"line":156,"column":10},"end":{"line":169,"column":11}},"47":{"start":{"line":157,"column":33},"end":{"line":162,"column":13}},"48":{"start":{"line":163,"column":26},"end":{"line":163,"column":53}},"49":{"start":{"line":164,"column":12},"end":{"line":164,"column":83}},"50":{"start":{"line":166,"column":12},"end":{"line":168,"column":15}},"51":{"start":{"line":171,"column":10},"end":{"line":173,"column":13}},"52":{"start":{"line":176,"column":29},"end":{"line":176,"column":71}},"53":{"start":{"line":177,"column":31},"end":{"line":177,"column":75}},"54":{"start":{"line":179,"column":8},"end":{"line":181,"column":9}},"55":{"start":{"line":180,"column":10},"end":{"line":180,"column":36}},"56":{"start":{"line":182,"column":8},"end":{"line":184,"column":9}},"57":{"start":{"line":183,"column":10},"end":{"line":183,"column":38}},"58":{"start":{"line":185,"column":8},"end":{"line":189,"column":9}},"59":{"start":{"line":186,"column":10},"end":{"line":188,"column":13}},"60":{"start":{"line":204,"column":12},"end":{"line":204,"column":22}},"61":{"start":{"line":205,"column":32},"end":{"line":205,"column":71}},"62":{"start":{"line":206,"column":8},"end":{"line":228,"column":9}},"63":{"start":{"line":207,"column":30},"end":{"line":221,"column":11}},"64":{"start":{"line":222,"column":24},"end":{"line":222,"column":50}},"65":{"start":{"line":223,"column":10},"end":{"line":223,"column":87}},"66":{"start":{"line":225,"column":10},"end":{"line":227,"column":13}},"67":{"start":{"line":231,"column":6},"end":{"line":231,"column":18}},"68":{"start":{"line":236,"column":4},"end":{"line":295,"column":5}},"69":{"start":{"line":237,"column":27},"end":{"line":237,"column":35}},"70":{"start":{"line":239,"column":8},"end":{"line":239,"column":16}},"71":{"start":{"line":240,"column":24},"end":{"line":240,"column":26}},"72":{"start":{"line":241,"column":6},"end":{"line":246,"column":7}},"73":{"start":{"line":242,"column":8},"end":{"line":245,"column":10}},"74":{"start":{"line":247,"column":6},"end":{"line":252,"column":7}},"75":{"start":{"line":248,"column":8},"end":{"line":251,"column":10}},"76":{"start":{"line":253,"column":6},"end":{"line":258,"column":7}},"77":{"start":{"line":254,"column":8},"end":{"line":257,"column":10}},"78":{"start":{"line":259,"column":6},"end":{"line":264,"column":7}},"79":{"start":{"line":260,"column":8},"end":{"line":263,"column":10}},"80":{"start":{"line":265,"column":6},"end":{"line":270,"column":7}},"81":{"start":{"line":266,"column":8},"end":{"line":269,"column":10}},"82":{"start":{"line":271,"column":6},"end":{"line":276,"column":7}},"83":{"start":{"line":272,"column":8},"end":{"line":275,"column":10}},"84":{"start":{"line":277,"column":6},"end":{"line":282,"column":7}},"85":{"start":{"line":278,"column":8},"end":{"line":281,"column":10}},"86":{"start":{"line":283,"column":6},"end":{"line":286,"column":7}},"87":{"start":{"line":284,"column":23},"end":{"line":284,"column":74}},"88":{"start":{"line":285,"column":8},"end":{"line":285,"column":67}},"89":{"start":{"line":288,"column":6},"end":{"line":291,"column":7}},"90":{"start":{"line":289,"column":23},"end":{"line":289,"column":76}},"91":{"start":{"line":290,"column":8},"end":{"line":290,"column":67}},"92":{"start":{"line":299,"column":4},"end":{"line":310,"column":5}},"93":{"start":{"line":300,"column":25},"end":{"line":300,"column":35}},"94":{"start":{"line":301,"column":25},"end":{"line":301,"column":33}},"95":{"start":{"line":302,"column":25},"end":{"line":304,"column":7}},"96":{"start":{"line":305,"column":21},"end":{"line":305,"column":81}},"97":{"start":{"line":306,"column":6},"end":{"line":306,"column":72}},"98":{"start":{"line":314,"column":4},"end":{"line":328,"column":5}},"99":{"start":{"line":315,"column":25},"end":{"line":315,"column":35}},"100":{"start":{"line":316,"column":23},"end":{"line":316,"column":32}},"101":{"start":{"line":317,"column":6},"end":{"line":320,"column":7}},"102":{"start":{"line":318,"column":23},"end":{"line":318,"column":70}},"103":{"start":{"line":319,"column":8},"end":{"line":319,"column":85}},"104":{"start":{"line":321,"column":6},"end":{"line":324,"column":7}},"105":{"start":{"line":322,"column":23},"end":{"line":322,"column":72}},"106":{"start":{"line":323,"column":8},"end":{"line":323,"column":85}},"107":{"start":{"line":332,"column":0},"end":{"line":332,"column":32}}},"fnMap":{"0":{"name":"(anonymous_0)","decl":{"start":{"line":8,"column":2},"end":{"line":8,"column":3}},"loc":{"start":{"line":8,"column":38},"end":{"line":21,"column":3}},"line":8},"1":{"name":"(anonymous_1)","decl":{"start":{"line":23,"column":2},"end":{"line":23,"column":3}},"loc":{"start":{"line":23,"column":40},"end":{"line":42,"column":3}},"line":23},"2":{"name":"(anonymous_2)","decl":{"start":{"line":44,"column":2},"end":{"line":44,"column":3}},"loc":{"start":{"line":44,"column":44},"end":{"line":146,"column":3}},"line":44},"3":{"name":"(anonymous_3)","decl":{"start":{"line":148,"column":2},"end":{"line":148,"column":3}},"loc":{"start":{"line":148,"column":41},"end":{"line":233,"column":3}},"line":148},"4":{"name":"(anonymous_4)","decl":{"start":{"line":235,"column":2},"end":{"line":235,"column":3}},"loc":{"start":{"line":235,"column":42},"end":{"line":296,"column":3}},"line":235},"5":{"name":"(anonymous_5)","decl":{"start":{"line":298,"column":2},"end":{"line":298,"column":3}},"loc":{"start":{"line":298,"column":48},"end":{"line":311,"column":3}},"line":298},"6":{"name":"(anonymous_6)","decl":{"start":{"line":313,"column":2},"end":{"line":313,"column":3}},"loc":{"start":{"line":313,"column":42},"end":{"line":329,"column":3}},"line":313}},"branchMap":{"0":{"loc":{"start":{"line":27,"column":6},"end":{"line":37,"column":7}},"type":"if","locations":[{"start":{"line":27,"column":6},"end":{"line":37,"column":7}},{"start":{"line":27,"column":6},"end":{"line":37,"column":7}}],"line":27},"1":{"loc":{"start":{"line":30,"column":13},"end":{"line":37,"column":7}},"type":"if","locations":[{"start":{"line":30,"column":13},"end":{"line":37,"column":7}},{"start":{"line":30,"column":13},"end":{"line":37,"column":7}}],"line":30},"2":{"loc":{"start":{"line":61,"column":6},"end":{"line":142,"column":7}},"type":"if","locations":[{"start":{"line":61,"column":6},"end":{"line":142,"column":7}},{"start":{"line":61,"column":6},"end":{"line":142,"column":7}}],"line":61},"3":{"loc":{"start":{"line":70,"column":8},"end":{"line":76,"column":9}},"type":"if","locations":[{"start":{"line":70,"column":8},"end":{"line":76,"column":9}}],"line":70},"4":{"loc":{"start":{"line":77,"column":13},"end":{"line":142,"column":7}},"type":"if","locations":[{"start":{"line":77,"column":13},"end":{"line":142,"column":7}},{"start":{"line":77,"column":13},"end":{"line":142,"column":7}}],"line":77},"5":{"loc":{"start":{"line":96,"column":8},"end":{"line":102,"column":9}},"type":"if","locations":[{"start":{"line":96,"column":8},"end":{"line":102,"column":9}}],"line":96},"6":{"loc":{"start":{"line":103,"column":13},"end":{"line":142,"column":7}},"type":"if","locations":[{"start":{"line":103,"column":13},"end":{"line":142,"column":7}},{"start":{"line":103,"column":13},"end":{"line":142,"column":7}}],"line":103},"7":{"loc":{"start":{"line":151,"column":6},"end":{"line":229,"column":7}},"type":"if","locations":[{"start":{"line":151,"column":6},"end":{"line":229,"column":7}},{"start":{"line":151,"column":6},"end":{"line":229,"column":7}}],"line":151},"8":{"loc":{"start":{"line":153,"column":8},"end":{"line":174,"column":9}},"type":"if","locations":[{"start":{"line":153,"column":8},"end":{"line":174,"column":9}},{"start":{"line":153,"column":8},"end":{"line":174,"column":9}}],"line":153},"9":{"loc":{"start":{"line":156,"column":10},"end":{"line":169,"column":11}},"type":"if","locations":[{"start":{"line":156,"column":10},"end":{"line":169,"column":11}},{"start":{"line":156,"column":10},"end":{"line":169,"column":11}}],"line":156},"10":{"loc":{"start":{"line":179,"column":8},"end":{"line":181,"column":9}},"type":"if","locations":[{"start":{"line":179,"column":8},"end":{"line":181,"column":9}},{"start":{"line":179,"column":8},"end":{"line":181,"column":9}}],"line":179},"11":{"loc":{"start":{"line":182,"column":8},"end":{"line":184,"column":9}},"type":"if","locations":[{"start":{"line":182,"column":8},"end":{"line":184,"column":9}},{"start":{"line":182,"column":8},"end":{"line":184,"column":9}}],"line":182},"12":{"loc":{"start":{"line":185,"column":8},"end":{"line":189,"column":9}},"type":"if","locations":[{"start":{"line":185,"column":8},"end":{"line":189,"column":9}},{"start":{"line":185,"column":8},"end":{"line":189,"column":9}}],"line":185},"13":{"loc":{"start":{"line":206,"column":8},"end":{"line":228,"column":9}},"type":"if","locations":[{"start":{"line":206,"column":8},"end":{"line":228,"column":9}},{"start":{"line":206,"column":8},"end":{"line":228,"column":9}}],"line":206},"14":{"loc":{"start":{"line":241,"column":6},"end":{"line":246,"column":7}},"type":"if","locations":[{"start":{"line":241,"column":6},"end":{"line":246,"column":7}},{"start":{"line":241,"column":6},"end":{"line":246,"column":7}}],"line":241},"15":{"loc":{"start":{"line":241,"column":10},"end":{"line":241,"column":62}},"type":"binary-expr","locations":[{"start":{"line":241,"column":10},"end":{"line":241,"column":26}},{"start":{"line":241,"column":30},"end":{"line":241,"column":62}}],"line":241},"16":{"loc":{"start":{"line":247,"column":6},"end":{"line":252,"column":7}},"type":"if","locations":[{"start":{"line":247,"column":6},"end":{"line":252,"column":7}},{"start":{"line":247,"column":6},"end":{"line":252,"column":7}}],"line":247},"17":{"loc":{"start":{"line":247,"column":10},"end":{"line":247,"column":60}},"type":"binary-expr","locations":[{"start":{"line":247,"column":10},"end":{"line":247,"column":25}},{"start":{"line":247,"column":29},"end":{"line":247,"column":60}}],"line":247},"18":{"loc":{"start":{"line":253,"column":6},"end":{"line":258,"column":7}},"type":"if","locations":[{"start":{"line":253,"column":6},"end":{"line":258,"column":7}},{"start":{"line":253,"column":6},"end":{"line":258,"column":7}}],"line":253},"19":{"loc":{"start":{"line":253,"column":10},"end":{"line":253,"column":66}},"type":"binary-expr","locations":[{"start":{"line":253,"column":10},"end":{"line":253,"column":28}},{"start":{"line":253,"column":32},"end":{"line":253,"column":66}}],"line":253},"20":{"loc":{"start":{"line":259,"column":6},"end":{"line":264,"column":7}},"type":"if","locations":[{"start":{"line":259,"column":6},"end":{"line":264,"column":7}},{"start":{"line":259,"column":6},"end":{"line":264,"column":7}}],"line":259},"21":{"loc":{"start":{"line":259,"column":10},"end":{"line":259,"column":58}},"type":"binary-expr","locations":[{"start":{"line":259,"column":10},"end":{"line":259,"column":24}},{"start":{"line":259,"column":28},"end":{"line":259,"column":58}}],"line":259},"22":{"loc":{"start":{"line":265,"column":6},"end":{"line":270,"column":7}},"type":"if","locations":[{"start":{"line":265,"column":6},"end":{"line":270,"column":7}},{"start":{"line":265,"column":6},"end":{"line":270,"column":7}}],"line":265},"23":{"loc":{"start":{"line":265,"column":10},"end":{"line":265,"column":60}},"type":"binary-expr","locations":[{"start":{"line":265,"column":10},"end":{"line":265,"column":25}},{"start":{"line":265,"column":29},"end":{"line":265,"column":60}}],"line":265},"24":{"loc":{"start":{"line":271,"column":6},"end":{"line":276,"column":7}},"type":"if","locations":[{"start":{"line":271,"column":6},"end":{"line":276,"column":7}},{"start":{"line":271,"column":6},"end":{"line":276,"column":7}}],"line":271},"25":{"loc":{"start":{"line":271,"column":10},"end":{"line":271,"column":64}},"type":"binary-expr","locations":[{"start":{"line":271,"column":10},"end":{"line":271,"column":27}},{"start":{"line":271,"column":31},"end":{"line":271,"column":64}}],"line":271},"26":{"loc":{"start":{"line":277,"column":6},"end":{"line":282,"column":7}},"type":"if","locations":[{"start":{"line":277,"column":6},"end":{"line":282,"column":7}},{"start":{"line":277,"column":6},"end":{"line":282,"column":7}}],"line":277},"27":{"loc":{"start":{"line":277,"column":10},"end":{"line":277,"column":70}},"type":"binary-expr","locations":[{"start":{"line":277,"column":10},"end":{"line":277,"column":30}},{"start":{"line":277,"column":34},"end":{"line":277,"column":70}}],"line":277},"28":{"loc":{"start":{"line":283,"column":6},"end":{"line":286,"column":7}},"type":"if","locations":[{"start":{"line":283,"column":6},"end":{"line":286,"column":7}},{"start":{"line":283,"column":6},"end":{"line":286,"column":7}}],"line":283},"29":{"loc":{"start":{"line":288,"column":6},"end":{"line":291,"column":7}},"type":"if","locations":[{"start":{"line":288,"column":6},"end":{"line":291,"column":7}},{"start":{"line":288,"column":6},"end":{"line":291,"column":7}}],"line":288},"30":{"loc":{"start":{"line":317,"column":6},"end":{"line":320,"column":7}},"type":"if","locations":[{"start":{"line":317,"column":6},"end":{"line":320,"column":7}},{"start":{"line":317,"column":6},"end":{"line":320,"column":7}}],"line":317},"31":{"loc":{"start":{"line":321,"column":6},"end":{"line":324,"column":7}},"type":"if","locations":[{"start":{"line":321,"column":6},"end":{"line":324,"column":7}},{"start":{"line":321,"column":6},"end":{"line":324,"column":7}}],"line":321}},"s":{"0":2,"1":2,"2":2,"3":2,"4":2,"5":1,"6":1,"7":1,"8":1,"9":3,"10":3,"11":3,"12":3,"13":1,"14":1,"15":2,"16":1,"17":1,"18":1,"19":17,"20":17,"21":17,"22":1,"23":1,"24":1,"25":1,"26":1,"27":16,"28":14,"29":14,"30":1,"31":1,"32":1,"33":2,"34":1,"35":1,"36":1,"37":1,"38":13,"39":7,"40":7,"41":7,"42":3,"43":3,"44":2,"45":2,"46":2,"47":1,"48":1,"49":1,"50":1,"51":1,"52":4,"53":4,"54":4,"55":2,"56":4,"57":1,"58":4,"59":1,"60":4,"61":3,"62":3,"63":2,"64":2,"65":2,"66":1,"67":1,"68":2,"69":2,"70":2,"71":2,"72":2,"73":2,"74":2,"75":2,"76":2,"77":2,"78":2,"79":2,"80":2,"81":2,"82":2,"83":2,"84":2,"85":2,"86":2,"87":1,"88":1,"89":2,"90":1,"91":1,"92":1,"93":1,"94":1,"95":1,"96":1,"97":1,"98":2,"99":2,"100":2,"101":2,"102":1,"103":1,"104":2,"105":1,"106":1,"107":2},"f":{"0":1,"1":3,"2":17,"3":7,"4":2,"5":1,"6":2},"b":{"0":[1,2],"1":[1,1],"2":[1,16],"3":[1],"4":[14,2],"5":[1],"6":[1,1],"7":[3,4],"8":[2,1],"9":[1,1],"10":[2,2],"11":[1,3],"12":[1,3],"13":[2,1],"14":[2,0],"15":[2,2],"16":[2,0],"17":[2,2],"18":[2,0],"19":[2,2],"20":[2,0],"21":[2,2],"22":[2,0],"23":[2,2],"24":[2,0],"25":[2,2],"26":[2,0],"27":[2,2],"28":[1,1],"29":[1,1],"30":[1,1],"31":[1,1]},"_coverageSchema":"1a1c01bbd47fc00a2c39e90264f33305004495a9","hash":"d7ce708c1cfe6d540bbd9a34c9339dd1de3116df"}
,"D:\\KAIM\\Hacktiv8\\Phase-3\\Week-3\\group-project\\pinjamanku\\server\\helpers\\NodeMailer.js": {"path":"D:\\KAIM\\Hacktiv8\\Phase-3\\Week-3\\group-project\\pinjamanku\\server\\helpers\\NodeMailer.js","statementMap":{"0":{"start":{"line":1,"column":19},"end":{"line":1,"column":40}},"1":{"start":{"line":4,"column":17},"end":{"line":4,"column":22}},"2":{"start":{"line":5,"column":20},"end":{"line":11,"column":4}},"3":{"start":{"line":12,"column":16},"end":{"line":17,"column":3}},"4":{"start":{"line":18,"column":2},"end":{"line":31,"column":3}},"5":{"start":{"line":19,"column":19},"end":{"line":19,"column":54}},"6":{"start":{"line":20,"column":4},"end":{"line":25,"column":5}},"7":{"start":{"line":21,"column":6},"end":{"line":24,"column":8}},"8":{"start":{"line":33,"column":0},"end":{"line":33,"column":26}}},"fnMap":{"0":{"name":"sendMail","decl":{"start":{"line":3,"column":15},"end":{"line":3,"column":23}},"loc":{"start":{"line":3,"column":41},"end":{"line":32,"column":1}},"line":3}},"branchMap":{"0":{"loc":{"start":{"line":20,"column":4},"end":{"line":25,"column":5}},"type":"if","locations":[{"start":{"line":20,"column":4},"end":{"line":25,"column":5}},{"start":{"line":20,"column":4},"end":{"line":25,"column":5}}],"line":20}},"s":{"0":3,"1":4,"2":4,"3":4,"4":4,"5":4,"6":4,"7":4,"8":3},"f":{"0":4},"b":{"0":[4,0]},"_coverageSchema":"1a1c01bbd47fc00a2c39e90264f33305004495a9","hash":"84dea9d10df85af1b95b5ce305ca06cce02f842d"}
,"D:\\KAIM\\Hacktiv8\\Phase-3\\Week-3\\group-project\\pinjamanku\\server\\helpers\\Xendit.js": {"path":"D:\\KAIM\\Hacktiv8\\Phase-3\\Week-3\\group-project\\pinjamanku\\server\\helpers\\Xendit.js","statementMap":{"0":{"start":{"line":1,"column":15},"end":{"line":1,"column":37}},"1":{"start":{"line":2,"column":10},"end":{"line":4,"column":2}},"2":{"start":{"line":5,"column":34},"end":{"line":5,"column":35}},"3":{"start":{"line":6,"column":31},"end":{"line":6,"column":33}},"4":{"start":{"line":7,"column":36},"end":{"line":7,"column":38}},"5":{"start":{"line":8,"column":22},"end":{"line":8,"column":57}},"6":{"start":{"line":9,"column":27},"end":{"line":9,"column":72}},"7":{"start":{"line":11,"column":0},"end":{"line":11,"column":55}}},"fnMap":{},"branchMap":{},"s":{"0":2,"1":2,"2":2,"3":2,"4":2,"5":2,"6":2,"7":2},"f":{},"b":{},"_coverageSchema":"1a1c01bbd47fc00a2c39e90264f33305004495a9","hash":"ac010de0e8aa0404412c243f0f0094e2fb9ca3a6"}
,"D:\\KAIM\\Hacktiv8\\Phase-3\\Week-3\\group-project\\pinjamanku\\server\\helpers\\admin.js": {"path":"D:\\KAIM\\Hacktiv8\\Phase-3\\Week-3\\group-project\\pinjamanku\\server\\helpers\\admin.js","statementMap":{"0":{"start":{"line":1,"column":16},"end":{"line":12,"column":1}},"1":{"start":{"line":2,"column":2},"end":{"line":11,"column":3}},"2":{"start":{"line":3,"column":26},"end":{"line":3,"column":42}},"3":{"start":{"line":4,"column":4},"end":{"line":8,"column":5}},"4":{"start":{"line":5,"column":6},"end":{"line":5,"column":18}},"5":{"start":{"line":7,"column":6},"end":{"line":7,"column":19}},"6":{"start":{"line":10,"column":4},"end":{"line":10,"column":17}},"7":{"start":{"line":14,"column":0},"end":{"line":14,"column":29}}},"fnMap":{"0":{"name":"(anonymous_0)","decl":{"start":{"line":1,"column":16},"end":{"line":1,"column":17}},"loc":{"start":{"line":1,"column":27},"end":{"line":12,"column":1}},"line":1}},"branchMap":{"0":{"loc":{"start":{"line":2,"column":2},"end":{"line":11,"column":3}},"type":"if","locations":[{"start":{"line":2,"column":2},"end":{"line":11,"column":3}},{"start":{"line":2,"column":2},"end":{"line":11,"column":3}}],"line":2},"1":{"loc":{"start":{"line":4,"column":4},"end":{"line":8,"column":5}},"type":"if","locations":[{"start":{"line":4,"column":4},"end":{"line":8,"column":5}},{"start":{"line":4,"column":4},"end":{"line":8,"column":5}}],"line":4}},"s":{"0":2,"1":24,"2":23,"3":23,"4":4,"5":19,"6":1,"7":2},"f":{"0":24},"b":{"0":[23,1],"1":[4,19]},"_coverageSchema":"1a1c01bbd47fc00a2c39e90264f33305004495a9","hash":"64f8afae19448dd8a380c7329b49eaf27467d632"}
,"D:\\KAIM\\Hacktiv8\\Phase-3\\Week-3\\group-project\\pinjamanku\\server\\helpers\\bcrypt.js": {"path":"D:\\KAIM\\Hacktiv8\\Phase-3\\Week-3\\group-project\\pinjamanku\\server\\helpers\\bcrypt.js","statementMap":{"0":{"start":{"line":1,"column":15},"end":{"line":1,"column":34}},"1":{"start":{"line":3,"column":21},"end":{"line":7,"column":1}},"2":{"start":{"line":4,"column":15},"end":{"line":4,"column":37}},"3":{"start":{"line":5,"column":15},"end":{"line":5,"column":46}},"4":{"start":{"line":6,"column":2},"end":{"line":6,"column":14}},"5":{"start":{"line":9,"column":24},"end":{"line":11,"column":1}},"6":{"start":{"line":10,"column":2},"end":{"line":10,"column":44}},"7":{"start":{"line":13,"column":0},"end":{"line":16,"column":2}}},"fnMap":{"0":{"name":"(anonymous_0)","decl":{"start":{"line":3,"column":21},"end":{"line":3,"column":22}},"loc":{"start":{"line":3,"column":35},"end":{"line":7,"column":1}},"line":3},"1":{"name":"(anonymous_1)","decl":{"start":{"line":9,"column":24},"end":{"line":9,"column":25}},"loc":{"start":{"line":9,"column":44},"end":{"line":11,"column":1}},"line":9}},"branchMap":{},"s":{"0":2,"1":2,"2":10,"3":10,"4":10,"5":2,"6":5,"7":2},"f":{"0":10,"1":5},"b":{},"_coverageSchema":"1a1c01bbd47fc00a2c39e90264f33305004495a9","hash":"efbed6e312740819edf3a5e6c0973283432e7bc1"}
,"D:\\KAIM\\Hacktiv8\\Phase-3\\Week-3\\group-project\\pinjamanku\\server\\helpers\\dailyCo.js": {"path":"D:\\KAIM\\Hacktiv8\\Phase-3\\Week-3\\group-project\\pinjamanku\\server\\helpers\\dailyCo.js","statementMap":{"0":{"start":{"line":1,"column":14},"end":{"line":1,"column":30}},"1":{"start":{"line":2,"column":17},"end":{"line":2,"column":40}},"2":{"start":{"line":5,"column":22},"end":{"line":5,"column":32}},"3":{"start":{"line":8,"column":2},"end":{"line":45,"column":5}},"4":{"start":{"line":9,"column":4},"end":{"line":44,"column":9}},"5":{"start":{"line":27,"column":8},"end":{"line":27,"column":41}},"6":{"start":{"line":30,"column":8},"end":{"line":35,"column":9}},"7":{"start":{"line":31,"column":10},"end":{"line":31,"column":27}},"8":{"start":{"line":36,"column":8},"end":{"line":39,"column":11}},"9":{"start":{"line":47,"column":0},"end":{"line":47,"column":28}}},"fnMap":{"0":{"name":"createRoom","decl":{"start":{"line":4,"column":9},"end":{"line":4,"column":19}},"loc":{"start":{"line":4,"column":41},"end":{"line":46,"column":1}},"line":4},"1":{"name":"(anonymous_1)","decl":{"start":{"line":8,"column":21},"end":{"line":8,"column":22}},"loc":{"start":{"line":8,"column":42},"end":{"line":45,"column":3}},"line":8},"2":{"name":"(anonymous_2)","decl":{"start":{"line":26,"column":12},"end":{"line":26,"column":13}},"loc":{"start":{"line":26,"column":26},"end":{"line":28,"column":7}},"line":26},"3":{"name":"(anonymous_3)","decl":{"start":{"line":29,"column":12},"end":{"line":29,"column":13}},"loc":{"start":{"line":29,"column":35},"end":{"line":40,"column":7}},"line":29},"4":{"name":"(anonymous_4)","decl":{"start":{"line":41,"column":13},"end":{"line":41,"column":14}},"loc":{"start":{"line":41,"column":22},"end":{"line":44,"column":7}},"line":41}},"branchMap":{"0":{"loc":{"start":{"line":30,"column":8},"end":{"line":35,"column":9}},"type":"if","locations":[{"start":{"line":30,"column":8},"end":{"line":35,"column":9}},{"start":{"line":30,"column":8},"end":{"line":35,"column":9}}],"line":30}},"s":{"0":3,"1":3,"2":2,"3":2,"4":2,"5":2,"6":2,"7":2,"8":2,"9":3},"f":{"0":2,"1":2,"2":2,"3":2,"4":0},"b":{"0":[2,0]},"_coverageSchema":"1a1c01bbd47fc00a2c39e90264f33305004495a9","hash":"e6c948551dffc0c8fee18449af085ff8628b6ebf"}
,"D:\\KAIM\\Hacktiv8\\Phase-3\\Week-3\\group-project\\pinjamanku\\server\\helpers\\jwt.js": {"path":"D:\\KAIM\\Hacktiv8\\Phase-3\\Week-3\\group-project\\pinjamanku\\server\\helpers\\jwt.js","statementMap":{"0":{"start":{"line":1,"column":12},"end":{"line":1,"column":35}},"1":{"start":{"line":3,"column":22},"end":{"line":5,"column":1}},"2":{"start":{"line":4,"column":2},"end":{"line":4,"column":47}},"3":{"start":{"line":7,"column":20},"end":{"line":9,"column":1}},"4":{"start":{"line":8,"column":2},"end":{"line":8,"column":47}},"5":{"start":{"line":11,"column":0},"end":{"line":14,"column":2}}},"fnMap":{"0":{"name":"(anonymous_0)","decl":{"start":{"line":3,"column":22},"end":{"line":3,"column":23}},"loc":{"start":{"line":3,"column":35},"end":{"line":5,"column":1}},"line":3},"1":{"name":"(anonymous_1)","decl":{"start":{"line":7,"column":20},"end":{"line":7,"column":21}},"loc":{"start":{"line":7,"column":31},"end":{"line":9,"column":1}},"line":7}},"branchMap":{},"s":{"0":2,"1":2,"2":12,"3":2,"4":23,"5":2},"f":{"0":12,"1":23},"b":{},"_coverageSchema":"1a1c01bbd47fc00a2c39e90264f33305004495a9","hash":"dfe2d319d91fd810eeafdc399aaa3abb233325d9"}
,"D:\\KAIM\\Hacktiv8\\Phase-3\\Week-3\\group-project\\pinjamanku\\server\\middlewares\\authentication.js": {"path":"D:\\KAIM\\Hacktiv8\\Phase-3\\Week-3\\group-project\\pinjamanku\\server\\middlewares\\authentication.js","statementMap":{"0":{"start":{"line":1,"column":24},"end":{"line":1,"column":49}},"1":{"start":{"line":3,"column":23},"end":{"line":16,"column":1}},"2":{"start":{"line":4,"column":27},"end":{"line":4,"column":38}},"3":{"start":{"line":5,"column":2},"end":{"line":15,"column":3}},"4":{"start":{"line":6,"column":20},"end":{"line":6,"column":45}},"5":{"start":{"line":7,"column":4},"end":{"line":7,"column":76}},"6":{"start":{"line":8,"column":4},"end":{"line":12,"column":5}},"7":{"start":{"line":9,"column":6},"end":{"line":9,"column":13}},"8":{"start":{"line":11,"column":6},"end":{"line":11,"column":37}},"9":{"start":{"line":14,"column":4},"end":{"line":14,"column":35}},"10":{"start":{"line":18,"column":0},"end":{"line":18,"column":32}}},"fnMap":{"0":{"name":"(anonymous_0)","decl":{"start":{"line":3,"column":23},"end":{"line":3,"column":24}},"loc":{"start":{"line":3,"column":43},"end":{"line":16,"column":1}},"line":3}},"branchMap":{"0":{"loc":{"start":{"line":5,"column":2},"end":{"line":15,"column":3}},"type":"if","locations":[{"start":{"line":5,"column":2},"end":{"line":15,"column":3}},{"start":{"line":5,"column":2},"end":{"line":15,"column":3}}],"line":5},"1":{"loc":{"start":{"line":8,"column":4},"end":{"line":12,"column":5}},"type":"if","locations":[{"start":{"line":8,"column":4},"end":{"line":12,"column":5}},{"start":{"line":8,"column":4},"end":{"line":12,"column":5}}],"line":8}},"s":{"0":2,"1":2,"2":24,"3":24,"4":23,"5":23,"6":23,"7":20,"8":3,"9":1,"10":2},"f":{"0":24},"b":{"0":[23,1],"1":[20,3]},"_coverageSchema":"1a1c01bbd47fc00a2c39e90264f33305004495a9","hash":"23a2f53b5c1d1dcc9d1492de2d5c1343276a2983"}
,"D:\\KAIM\\Hacktiv8\\Phase-3\\Week-3\\group-project\\pinjamanku\\server\\middlewares\\authorization.js": {"path":"D:\\KAIM\\Hacktiv8\\Phase-3\\Week-3\\group-project\\pinjamanku\\server\\middlewares\\authorization.js","statementMap":{"0":{"start":{"line":1,"column":36},"end":{"line":1,"column":56}},"1":{"start":{"line":3,"column":17},"end":{"line":26,"column":1}},"2":{"start":{"line":4,"column":23},"end":{"line":4,"column":31}},"3":{"start":{"line":5,"column":2},"end":{"line":25,"column":3}},"4":{"start":{"line":6,"column":4},"end":{"line":21,"column":5}},"5":{"start":{"line":7,"column":6},"end":{"line":18,"column":11}},"6":{"start":{"line":9,"column":10},"end":{"line":13,"column":11}},"7":{"start":{"line":10,"column":12},"end":{"line":10,"column":19}},"8":{"start":{"line":12,"column":12},"end":{"line":12,"column":55}},"9":{"start":{"line":20,"column":6},"end":{"line":20,"column":34}},"10":{"start":{"line":28,"column":19},"end":{"line":51,"column":1}},"11":{"start":{"line":29,"column":23},"end":{"line":29,"column":31}},"12":{"start":{"line":30,"column":2},"end":{"line":50,"column":3}},"13":{"start":{"line":31,"column":4},"end":{"line":46,"column":5}},"14":{"start":{"line":32,"column":6},"end":{"line":43,"column":11}},"15":{"start":{"line":34,"column":10},"end":{"line":38,"column":11}},"16":{"start":{"line":35,"column":12},"end":{"line":35,"column":19}},"17":{"start":{"line":37,"column":12},"end":{"line":37,"column":57}},"18":{"start":{"line":45,"column":6},"end":{"line":45,"column":34}},"19":{"start":{"line":53,"column":0},"end":{"line":53,"column":42}}},"fnMap":{"0":{"name":"(anonymous_0)","decl":{"start":{"line":3,"column":17},"end":{"line":3,"column":18}},"loc":{"start":{"line":3,"column":37},"end":{"line":26,"column":1}},"line":3},"1":{"name":"(anonymous_1)","decl":{"start":{"line":8,"column":14},"end":{"line":8,"column":15}},"loc":{"start":{"line":8,"column":26},"end":{"line":14,"column":9}},"line":8},"2":{"name":"(anonymous_2)","decl":{"start":{"line":15,"column":15},"end":{"line":15,"column":16}},"loc":{"start":{"line":15,"column":26},"end":{"line":18,"column":9}},"line":15},"3":{"name":"(anonymous_3)","decl":{"start":{"line":28,"column":19},"end":{"line":28,"column":20}},"loc":{"start":{"line":28,"column":39},"end":{"line":51,"column":1}},"line":28},"4":{"name":"(anonymous_4)","decl":{"start":{"line":33,"column":14},"end":{"line":33,"column":15}},"loc":{"start":{"line":33,"column":26},"end":{"line":39,"column":9}},"line":33},"5":{"name":"(anonymous_5)","decl":{"start":{"line":40,"column":15},"end":{"line":40,"column":16}},"loc":{"start":{"line":40,"column":26},"end":{"line":43,"column":9}},"line":40}},"branchMap":{"0":{"loc":{"start":{"line":5,"column":2},"end":{"line":25,"column":3}},"type":"if","locations":[{"start":{"line":5,"column":2},"end":{"line":25,"column":3}},{"start":{"line":5,"column":2},"end":{"line":25,"column":3}}],"line":5},"1":{"loc":{"start":{"line":6,"column":4},"end":{"line":21,"column":5}},"type":"if","locations":[{"start":{"line":6,"column":4},"end":{"line":21,"column":5}},{"start":{"line":6,"column":4},"end":{"line":21,"column":5}}],"line":6},"2":{"loc":{"start":{"line":9,"column":10},"end":{"line":13,"column":11}},"type":"if","locations":[{"start":{"line":9,"column":10},"end":{"line":13,"column":11}},{"start":{"line":9,"column":10},"end":{"line":13,"column":11}}],"line":9},"3":{"loc":{"start":{"line":30,"column":2},"end":{"line":50,"column":3}},"type":"if","locations":[{"start":{"line":30,"column":2},"end":{"line":50,"column":3}},{"start":{"line":30,"column":2},"end":{"line":50,"column":3}}],"line":30},"4":{"loc":{"start":{"line":31,"column":4},"end":{"line":46,"column":5}},"type":"if","locations":[{"start":{"line":31,"column":4},"end":{"line":46,"column":5}},{"start":{"line":31,"column":4},"end":{"line":46,"column":5}}],"line":31},"5":{"loc":{"start":{"line":34,"column":10},"end":{"line":38,"column":11}},"type":"if","locations":[{"start":{"line":34,"column":10},"end":{"line":38,"column":11}},{"start":{"line":34,"column":10},"end":{"line":38,"column":11}}],"line":34}},"s":{"0":2,"1":2,"2":3,"3":3,"4":3,"5":2,"6":2,"7":1,"8":1,"9":1,"10":2,"11":3,"12":3,"13":3,"14":2,"15":2,"16":1,"17":1,"18":1,"19":2},"f":{"0":3,"1":2,"2":0,"3":3,"4":2,"5":0},"b":{"0":[3,0],"1":[2,1],"2":[1,1],"3":[3,0],"4":[2,1],"5":[1,1]},"_coverageSchema":"1a1c01bbd47fc00a2c39e90264f33305004495a9","hash":"d04190abf0d3a41cc891516a9caea9710967f02c"}
,"D:\\KAIM\\Hacktiv8\\Phase-3\\Week-3\\group-project\\pinjamanku\\server\\middlewares\\errorHandler.js": {"path":"D:\\KAIM\\Hacktiv8\\Phase-3\\Week-3\\group-project\\pinjamanku\\server\\middlewares\\errorHandler.js","statementMap":{"0":{"start":{"line":1,"column":21},"end":{"line":42,"column":1}},"1":{"start":{"line":2,"column":15},"end":{"line":2,"column":23}},"2":{"start":{"line":4,"column":2},"end":{"line":6,"column":3}},"3":{"start":{"line":5,"column":4},"end":{"line":5,"column":53}},"4":{"start":{"line":5,"column":41},"end":{"line":5,"column":51}},"5":{"start":{"line":8,"column":2},"end":{"line":41,"column":3}},"6":{"start":{"line":10,"column":6},"end":{"line":10,"column":53}},"7":{"start":{"line":11,"column":6},"end":{"line":11,"column":12}},"8":{"start":{"line":17,"column":6},"end":{"line":17,"column":53}},"9":{"start":{"line":18,"column":6},"end":{"line":18,"column":12}},"10":{"start":{"line":20,"column":6},"end":{"line":20,"column":66}},"11":{"start":{"line":21,"column":6},"end":{"line":21,"column":12}},"12":{"start":{"line":23,"column":6},"end":{"line":23,"column":57}},"13":{"start":{"line":24,"column":6},"end":{"line":24,"column":12}},"14":{"start":{"line":26,"column":6},"end":{"line":26,"column":67}},"15":{"start":{"line":27,"column":6},"end":{"line":27,"column":12}},"16":{"start":{"line":29,"column":6},"end":{"line":29,"column":65}},"17":{"start":{"line":30,"column":6},"end":{"line":30,"column":12}},"18":{"start":{"line":32,"column":6},"end":{"line":32,"column":69}},"19":{"start":{"line":33,"column":6},"end":{"line":33,"column":12}},"20":{"start":{"line":35,"column":6},"end":{"line":35,"column":65}},"21":{"start":{"line":36,"column":6},"end":{"line":36,"column":12}},"22":{"start":{"line":44,"column":0},"end":{"line":44,"column":34}}},"fnMap":{"0":{"name":"(anonymous_0)","decl":{"start":{"line":1,"column":21},"end":{"line":1,"column":22}},"loc":{"start":{"line":1,"column":51},"end":{"line":42,"column":1}},"line":1},"1":{"name":"(anonymous_1)","decl":{"start":{"line":5,"column":33},"end":{"line":5,"column":34}},"loc":{"start":{"line":5,"column":41},"end":{"line":5,"column":51}},"line":5}},"branchMap":{"0":{"loc":{"start":{"line":4,"column":2},"end":{"line":6,"column":3}},"type":"if","locations":[{"start":{"line":4,"column":2},"end":{"line":6,"column":3}},{"start":{"line":4,"column":2},"end":{"line":6,"column":3}}],"line":4},"1":{"loc":{"start":{"line":8,"column":2},"end":{"line":41,"column":3}},"type":"switch","locations":[{"start":{"line":9,"column":4},"end":{"line":11,"column":12}},{"start":{"line":16,"column":4},"end":{"line":18,"column":12}},{"start":{"line":19,"column":4},"end":{"line":21,"column":12}},{"start":{"line":22,"column":4},"end":{"line":24,"column":12}},{"start":{"line":25,"column":4},"end":{"line":27,"column":12}},{"start":{"line":28,"column":4},"end":{"line":30,"column":12}},{"start":{"line":31,"column":4},"end":{"line":33,"column":12}},{"start":{"line":34,"column":4},"end":{"line":36,"column":12}}],"line":8}},"s":{"0":2,"1":27,"2":27,"3":13,"4":14,"5":27,"6":12,"7":12,"8":1,"9":1,"10":4,"11":4,"12":1,"13":1,"14":4,"15":4,"16":1,"17":1,"18":2,"19":2,"20":2,"21":2,"22":2},"f":{"0":27,"1":14},"b":{"0":[13,14],"1":[12,1,4,1,4,1,2,2]},"_coverageSchema":"1a1c01bbd47fc00a2c39e90264f33305004495a9","hash":"4c13e73a8e44ad507e101f3a27f5fbbcfb2f12b6"}
,"D:\\KAIM\\Hacktiv8\\Phase-3\\Week-3\\group-project\\pinjamanku\\server\\models\\borrower.js": {"path":"D:\\KAIM\\Hacktiv8\\Phase-3\\Week-3\\group-project\\pinjamanku\\server\\models\\borrower.js","statementMap":{"0":{"start":{"line":2,"column":18},"end":{"line":2,"column":38}},"1":{"start":{"line":3,"column":25},"end":{"line":3,"column":53}},"2":{"start":{"line":4,"column":0},"end":{"line":194,"column":2}},"3":{"start":{"line":13,"column":6},"end":{"line":13,"column":66}},"4":{"start":{"line":14,"column":6},"end":{"line":14,"column":96}},"5":{"start":{"line":17,"column":2},"end":{"line":192,"column":4}},"6":{"start":{"line":186,"column":10},"end":{"line":186,"column":54}},"7":{"start":{"line":193,"column":2},"end":{"line":193,"column":18}}},"fnMap":{"0":{"name":"(anonymous_0)","decl":{"start":{"line":4,"column":17},"end":{"line":4,"column":18}},"loc":{"start":{"line":4,"column":43},"end":{"line":194,"column":1}},"line":4},"1":{"name":"(anonymous_1)","decl":{"start":{"line":11,"column":4},"end":{"line":11,"column":5}},"loc":{"start":{"line":11,"column":29},"end":{"line":15,"column":5}},"line":11},"2":{"name":"(anonymous_2)","decl":{"start":{"line":185,"column":22},"end":{"line":185,"column":23}},"loc":{"start":{"line":185,"column":32},"end":{"line":187,"column":9}},"line":185}},"branchMap":{},"s":{"0":2,"1":2,"2":2,"3":2,"4":2,"5":2,"6":3,"7":2},"f":{"0":2,"1":2,"2":3},"b":{},"_coverageSchema":"1a1c01bbd47fc00a2c39e90264f33305004495a9","hash":"126ff7d3cb8b192fb1054740f93ac8bbded46e0c"}
,"D:\\KAIM\\Hacktiv8\\Phase-3\\Week-3\\group-project\\pinjamanku\\server\\models\\history.js": {"path":"D:\\KAIM\\Hacktiv8\\Phase-3\\Week-3\\group-project\\pinjamanku\\server\\models\\history.js","statementMap":{"0":{"start":{"line":4,"column":4},"end":{"line":4,"column":24}},"1":{"start":{"line":5,"column":0},"end":{"line":27,"column":2}},"2":{"start":{"line":16,"column":2},"end":{"line":25,"column":5}},"3":{"start":{"line":26,"column":2},"end":{"line":26,"column":17}}},"fnMap":{"0":{"name":"(anonymous_0)","decl":{"start":{"line":5,"column":17},"end":{"line":5,"column":18}},"loc":{"start":{"line":5,"column":43},"end":{"line":27,"column":1}},"line":5},"1":{"name":"(anonymous_1)","decl":{"start":{"line":12,"column":4},"end":{"line":12,"column":5}},"loc":{"start":{"line":12,"column":29},"end":{"line":14,"column":5}},"line":12}},"branchMap":{},"s":{"0":2,"1":2,"2":2,"3":2},"f":{"0":2,"1":2},"b":{},"_coverageSchema":"1a1c01bbd47fc00a2c39e90264f33305004495a9","hash":"3c8d35eda31438210e850ff8912e22fbaa3c78a6"}
,"D:\\KAIM\\Hacktiv8\\Phase-3\\Week-3\\group-project\\pinjamanku\\server\\models\\index.js": {"path":"D:\\KAIM\\Hacktiv8\\Phase-3\\Week-3\\group-project\\pinjamanku\\server\\models\\index.js","statementMap":{"0":{"start":{"line":3,"column":11},"end":{"line":3,"column":24}},"1":{"start":{"line":4,"column":13},"end":{"line":4,"column":28}},"2":{"start":{"line":5,"column":18},"end":{"line":5,"column":38}},"3":{"start":{"line":6,"column":17},"end":{"line":6,"column":42}},"4":{"start":{"line":7,"column":12},"end":{"line":7,"column":49}},"5":{"start":{"line":8,"column":15},"end":{"line":8,"column":65}},"6":{"start":{"line":9,"column":11},"end":{"line":9,"column":13}},"7":{"start":{"line":12,"column":0},"end":{"line":16,"column":1}},"8":{"start":{"line":13,"column":2},"end":{"line":13,"column":74}},"9":{"start":{"line":15,"column":2},"end":{"line":15,"column":87}},"10":{"start":{"line":18,"column":0},"end":{"line":26,"column":5}},"11":{"start":{"line":21,"column":4},"end":{"line":21,"column":90}},"12":{"start":{"line":24,"column":18},"end":{"line":24,"column":85}},"13":{"start":{"line":25,"column":4},"end":{"line":25,"column":27}},"14":{"start":{"line":28,"column":0},"end":{"line":32,"column":3}},"15":{"start":{"line":29,"column":2},"end":{"line":31,"column":3}},"16":{"start":{"line":30,"column":4},"end":{"line":30,"column":32}},"17":{"start":{"line":34,"column":0},"end":{"line":34,"column":25}},"18":{"start":{"line":35,"column":0},"end":{"line":35,"column":25}},"19":{"start":{"line":37,"column":0},"end":{"line":37,"column":20}}},"fnMap":{"0":{"name":"(anonymous_0)","decl":{"start":{"line":20,"column":10},"end":{"line":20,"column":11}},"loc":{"start":{"line":20,"column":18},"end":{"line":22,"column":3}},"line":20},"1":{"name":"(anonymous_1)","decl":{"start":{"line":23,"column":11},"end":{"line":23,"column":12}},"loc":{"start":{"line":23,"column":19},"end":{"line":26,"column":3}},"line":23},"2":{"name":"(anonymous_2)","decl":{"start":{"line":28,"column":24},"end":{"line":28,"column":25}},"loc":{"start":{"line":28,"column":37},"end":{"line":32,"column":1}},"line":28}},"branchMap":{"0":{"loc":{"start":{"line":7,"column":12},"end":{"line":7,"column":49}},"type":"binary-expr","locations":[{"start":{"line":7,"column":12},"end":{"line":7,"column":32}},{"start":{"line":7,"column":36},"end":{"line":7,"column":49}}],"line":7},"1":{"loc":{"start":{"line":12,"column":0},"end":{"line":16,"column":1}},"type":"if","locations":[{"start":{"line":12,"column":0},"end":{"line":16,"column":1}},{"start":{"line":12,"column":0},"end":{"line":16,"column":1}}],"line":12},"2":{"loc":{"start":{"line":21,"column":11},"end":{"line":21,"column":89}},"type":"binary-expr","locations":[{"start":{"line":21,"column":12},"end":{"line":21,"column":35}},{"start":{"line":21,"column":41},"end":{"line":21,"column":58}},{"start":{"line":21,"column":64},"end":{"line":21,"column":88}}],"line":21},"3":{"loc":{"start":{"line":29,"column":2},"end":{"line":31,"column":3}},"type":"if","locations":[{"start":{"line":29,"column":2},"end":{"line":31,"column":3}},{"start":{"line":29,"column":2},"end":{"line":31,"column":3}}],"line":29}},"s":{"0":2,"1":2,"2":2,"3":2,"4":2,"5":2,"6":2,"7":2,"8":0,"9":2,"10":2,"11":14,"12":12,"13":12,"14":2,"15":12,"16":12,"17":2,"18":2,"19":2},"f":{"0":14,"1":12,"2":12},"b":{"0":[2,0],"1":[0,2],"2":[14,14,12],"3":[12,0]},"_coverageSchema":"1a1c01bbd47fc00a2c39e90264f33305004495a9","hash":"5d58b20179c0fd0c06c017935dd60f2c0ffdb544"}
,"D:\\KAIM\\Hacktiv8\\Phase-3\\Week-3\\group-project\\pinjamanku\\server\\models\\lender.js": {"path":"D:\\KAIM\\Hacktiv8\\Phase-3\\Week-3\\group-project\\pinjamanku\\server\\models\\lender.js","statementMap":{"0":{"start":{"line":2,"column":18},"end":{"line":2,"column":38}},"1":{"start":{"line":3,"column":25},"end":{"line":3,"column":53}},"2":{"start":{"line":4,"column":0},"end":{"line":194,"column":2}},"3":{"start":{"line":13,"column":6},"end":{"line":13,"column":62}},"4":{"start":{"line":14,"column":6},"end":{"line":14,"column":94}},"5":{"start":{"line":17,"column":2},"end":{"line":192,"column":4}},"6":{"start":{"line":186,"column":10},"end":{"line":186,"column":54}},"7":{"start":{"line":193,"column":2},"end":{"line":193,"column":16}}},"fnMap":{"0":{"name":"(anonymous_0)","decl":{"start":{"line":4,"column":17},"end":{"line":4,"column":18}},"loc":{"start":{"line":4,"column":43},"end":{"line":194,"column":1}},"line":4},"1":{"name":"(anonymous_1)","decl":{"start":{"line":11,"column":4},"end":{"line":11,"column":5}},"loc":{"start":{"line":11,"column":29},"end":{"line":15,"column":5}},"line":11},"2":{"name":"(anonymous_2)","decl":{"start":{"line":185,"column":22},"end":{"line":185,"column":23}},"loc":{"start":{"line":185,"column":32},"end":{"line":187,"column":9}},"line":185}},"branchMap":{},"s":{"0":2,"1":2,"2":2,"3":2,"4":2,"5":2,"6":4,"7":2},"f":{"0":2,"1":2,"2":4},"b":{},"_coverageSchema":"1a1c01bbd47fc00a2c39e90264f33305004495a9","hash":"d004251207e76bae6ea08a5e403b74507ac5d6a9"}
,"D:\\KAIM\\Hacktiv8\\Phase-3\\Week-3\\group-project\\pinjamanku\\server\\models\\loan.js": {"path":"D:\\KAIM\\Hacktiv8\\Phase-3\\Week-3\\group-project\\pinjamanku\\server\\models\\loan.js","statementMap":{"0":{"start":{"line":2,"column":18},"end":{"line":2,"column":38}},"1":{"start":{"line":3,"column":0},"end":{"line":42,"column":2}},"2":{"start":{"line":12,"column":6},"end":{"line":12,"column":64}},"3":{"start":{"line":13,"column":6},"end":{"line":13,"column":68}},"4":{"start":{"line":16,"column":2},"end":{"line":40,"column":4}},"5":{"start":{"line":34,"column":10},"end":{"line":34,"column":42}},"6":{"start":{"line":41,"column":2},"end":{"line":41,"column":14}}},"fnMap":{"0":{"name":"(anonymous_0)","decl":{"start":{"line":3,"column":17},"end":{"line":3,"column":18}},"loc":{"start":{"line":3,"column":43},"end":{"line":42,"column":1}},"line":3},"1":{"name":"(anonymous_1)","decl":{"start":{"line":10,"column":4},"end":{"line":10,"column":5}},"loc":{"start":{"line":10,"column":29},"end":{"line":14,"column":5}},"line":10},"2":{"name":"(anonymous_2)","decl":{"start":{"line":33,"column":22},"end":{"line":33,"column":23}},"loc":{"start":{"line":33,"column":32},"end":{"line":35,"column":9}},"line":33}},"branchMap":{},"s":{"0":2,"1":2,"2":2,"3":2,"4":2,"5":2,"6":2},"f":{"0":2,"1":2,"2":2},"b":{},"_coverageSchema":"1a1c01bbd47fc00a2c39e90264f33305004495a9","hash":"64e805961d8e9f8b9b2157b8ed1bf0bfda3f4011"}
,"D:\\KAIM\\Hacktiv8\\Phase-3\\Week-3\\group-project\\pinjamanku\\server\\models\\schedule.js": {"path":"D:\\KAIM\\Hacktiv8\\Phase-3\\Week-3\\group-project\\pinjamanku\\server\\models\\schedule.js","statementMap":{"0":{"start":{"line":2,"column":18},"end":{"line":2,"column":38}},"1":{"start":{"line":3,"column":0},"end":{"line":26,"column":2}},"2":{"start":{"line":14,"column":2},"end":{"line":24,"column":4}},"3":{"start":{"line":25,"column":2},"end":{"line":25,"column":18}}},"fnMap":{"0":{"name":"(anonymous_0)","decl":{"start":{"line":3,"column":17},"end":{"line":3,"column":18}},"loc":{"start":{"line":3,"column":43},"end":{"line":26,"column":1}},"line":3},"1":{"name":"(anonymous_1)","decl":{"start":{"line":10,"column":4},"end":{"line":10,"column":5}},"loc":{"start":{"line":10,"column":29},"end":{"line":12,"column":5}},"line":10}},"branchMap":{},"s":{"0":2,"1":2,"2":2,"3":2},"f":{"0":2,"1":2},"b":{},"_coverageSchema":"1a1c01bbd47fc00a2c39e90264f33305004495a9","hash":"8e329f886bbc5c98ebb8cb20c4ac65bdb5ba6ad1"}
,"D:\\KAIM\\Hacktiv8\\Phase-3\\Week-3\\group-project\\pinjamanku\\server\\models\\staff.js": {"path":"D:\\KAIM\\Hacktiv8\\Phase-3\\Week-3\\group-project\\pinjamanku\\server\\models\\staff.js","statementMap":{"0":{"start":{"line":2,"column":18},"end":{"line":2,"column":38}},"1":{"start":{"line":3,"column":25},"end":{"line":3,"column":53}},"2":{"start":{"line":4,"column":0},"end":{"line":32,"column":2}},"3":{"start":{"line":15,"column":2},"end":{"line":30,"column":4}},"4":{"start":{"line":24,"column":10},"end":{"line":24,"column":54}},"5":{"start":{"line":31,"column":2},"end":{"line":31,"column":15}}},"fnMap":{"0":{"name":"(anonymous_0)","decl":{"start":{"line":4,"column":17},"end":{"line":4,"column":18}},"loc":{"start":{"line":4,"column":43},"end":{"line":32,"column":1}},"line":4},"1":{"name":"(anonymous_1)","decl":{"start":{"line":11,"column":4},"end":{"line":11,"column":5}},"loc":{"start":{"line":11,"column":29},"end":{"line":13,"column":5}},"line":11},"2":{"name":"(anonymous_2)","decl":{"start":{"line":23,"column":22},"end":{"line":23,"column":23}},"loc":{"start":{"line":23,"column":32},"end":{"line":25,"column":9}},"line":23}},"branchMap":{},"s":{"0":2,"1":2,"2":2,"3":2,"4":3,"5":2},"f":{"0":2,"1":2,"2":3},"b":{},"_coverageSchema":"1a1c01bbd47fc00a2c39e90264f33305004495a9","hash":"0fb3843b31eb888e4e352f6b347497dad654b156"}
,"D:\\KAIM\\Hacktiv8\\Phase-3\\Week-3\\group-project\\pinjamanku\\server\\routes\\index.js": {"path":"D:\\KAIM\\Hacktiv8\\Phase-3\\Week-3\\group-project\\pinjamanku\\server\\routes\\index.js","statementMap":{"0":{"start":{"line":1,"column":15},"end":{"line":1,"column":42}},"1":{"start":{"line":2,"column":19},"end":{"line":2,"column":42}},"2":{"start":{"line":3,"column":19},"end":{"line":3,"column":42}},"3":{"start":{"line":5,"column":0},"end":{"line":5,"column":33}},"4":{"start":{"line":6,"column":0},"end":{"line":6,"column":33}},"5":{"start":{"line":8,"column":0},"end":{"line":8,"column":24}}},"fnMap":{},"branchMap":{},"s":{"0":2,"1":2,"2":2,"3":2,"4":2,"5":2},"f":{},"b":{},"_coverageSchema":"1a1c01bbd47fc00a2c39e90264f33305004495a9","hash":"494e4f031ba50cfbb38a9e1e0aa057da58cfec81"}
,"D:\\KAIM\\Hacktiv8\\Phase-3\\Week-3\\group-project\\pinjamanku\\server\\routes\\loanRoutes.js": {"path":"D:\\KAIM\\Hacktiv8\\Phase-3\\Week-3\\group-project\\pinjamanku\\server\\routes\\loanRoutes.js","statementMap":{"0":{"start":{"line":1,"column":15},"end":{"line":1,"column":42}},"1":{"start":{"line":2,"column":23},"end":{"line":2,"column":63}},"2":{"start":{"line":3,"column":23},"end":{"line":3,"column":63}},"3":{"start":{"line":4,"column":33},"end":{"line":4,"column":72}},"4":{"start":{"line":6,"column":0},"end":{"line":6,"column":39}},"5":{"start":{"line":8,"column":0},"end":{"line":8,"column":27}},"6":{"start":{"line":10,"column":0},"end":{"line":10,"column":62}},"7":{"start":{"line":11,"column":0},"end":{"line":11,"column":68}},"8":{"start":{"line":12,"column":0},"end":{"line":12,"column":47}},"9":{"start":{"line":13,"column":0},"end":{"line":13,"column":71}},"10":{"start":{"line":14,"column":0},"end":{"line":14,"column":67}},"11":{"start":{"line":15,"column":0},"end":{"line":15,"column":69}},"12":{"start":{"line":16,"column":0},"end":{"line":16,"column":65}},"13":{"start":{"line":17,"column":0},"end":{"line":17,"column":65}},"14":{"start":{"line":18,"column":0},"end":{"line":18,"column":75}},"15":{"start":{"line":20,"column":0},"end":{"line":20,"column":24}}},"fnMap":{},"branchMap":{},"s":{"0":2,"1":2,"2":2,"3":2,"4":2,"5":2,"6":2,"7":2,"8":2,"9":2,"10":2,"11":2,"12":2,"13":2,"14":2,"15":2},"f":{},"b":{},"_coverageSchema":"1a1c01bbd47fc00a2c39e90264f33305004495a9","hash":"f85166786f778280529948d74da1ee3e5e4870a1"}
,"D:\\KAIM\\Hacktiv8\\Phase-3\\Week-3\\group-project\\pinjamanku\\server\\routes\\userRoutes.js": {"path":"D:\\KAIM\\Hacktiv8\\Phase-3\\Week-3\\group-project\\pinjamanku\\server\\routes\\userRoutes.js","statementMap":{"0":{"start":{"line":1,"column":15},"end":{"line":1,"column":42}},"1":{"start":{"line":2,"column":19},"end":{"line":2,"column":59}},"2":{"start":{"line":3,"column":23},"end":{"line":3,"column":63}},"3":{"start":{"line":5,"column":0},"end":{"line":5,"column":35}},"4":{"start":{"line":6,"column":0},"end":{"line":6,"column":44}},"5":{"start":{"line":7,"column":0},"end":{"line":7,"column":50}},"6":{"start":{"line":8,"column":0},"end":{"line":8,"column":44}},"7":{"start":{"line":9,"column":0},"end":{"line":9,"column":55}},"8":{"start":{"line":10,"column":0},"end":{"line":10,"column":52}},"9":{"start":{"line":11,"column":0},"end":{"line":11,"column":49}},"10":{"start":{"line":13,"column":0},"end":{"line":13,"column":24}}},"fnMap":{},"branchMap":{},"s":{"0":2,"1":2,"2":2,"3":2,"4":2,"5":2,"6":2,"7":2,"8":2,"9":2,"10":2},"f":{},"b":{},"_coverageSchema":"1a1c01bbd47fc00a2c39e90264f33305004495a9","hash":"392aa683e62e4880b8a3e80228c1da8395612daf"}
}
