{"D:\\KAIM\\Hacktiv8\\Phase-3\\Week-3\\pinjamanku\\server\\app.js": {"path":"D:\\KAIM\\Hacktiv8\\Phase-3\\Week-3\\pinjamanku\\server\\app.js","statementMap":{"0":{"start":{"line":1,"column":0},"end":{"line":3,"column":1}},"1":{"start":{"line":2,"column":2},"end":{"line":2,"column":29}},"2":{"start":{"line":4,"column":16},"end":{"line":4,"column":34}},"3":{"start":{"line":5,"column":13},"end":{"line":5,"column":28}},"4":{"start":{"line":6,"column":15},"end":{"line":6,"column":34}},"5":{"start":{"line":7,"column":12},"end":{"line":7,"column":21}},"6":{"start":{"line":8,"column":25},"end":{"line":8,"column":62}},"7":{"start":{"line":10,"column":0},"end":{"line":10,"column":16}},"8":{"start":{"line":11,"column":0},"end":{"line":11,"column":48}},"9":{"start":{"line":12,"column":0},"end":{"line":12,"column":24}},"10":{"start":{"line":14,"column":0},"end":{"line":14,"column":16}},"11":{"start":{"line":16,"column":0},"end":{"line":16,"column":22}},"12":{"start":{"line":18,"column":0},"end":{"line":18,"column":21}}},"fnMap":{},"branchMap":{"0":{"loc":{"start":{"line":1,"column":0},"end":{"line":3,"column":1}},"type":"if","locations":[{"start":{"line":1,"column":0},"end":{"line":3,"column":1}},{"start":{"line":1,"column":0},"end":{"line":3,"column":1}}],"line":1}},"s":{"0":1,"1":1,"2":1,"3":1,"4":1,"5":1,"6":1,"7":1,"8":1,"9":1,"10":1,"11":1,"12":1},"f":{},"b":{"0":[1,0]},"_coverageSchema":"1a1c01bbd47fc00a2c39e90264f33305004495a9","hash":"92a658ed3ab0a8199c2465ca67f3f97740792523"}
,"D:\\KAIM\\Hacktiv8\\Phase-3\\Week-3\\pinjamanku\\server\\controllers\\loanController.js": {"path":"D:\\KAIM\\Hacktiv8\\Phase-3\\Week-3\\pinjamanku\\server\\controllers\\loanController.js","statementMap":{"0":{"start":{"line":1,"column":25},"end":{"line":1,"column":51}},"1":{"start":{"line":2,"column":46},"end":{"line":2,"column":74}},"2":{"start":{"line":7,"column":19},"end":{"line":7,"column":20}},"3":{"start":{"line":8,"column":16},"end":{"line":8,"column":42}},"4":{"start":{"line":9,"column":26},"end":{"line":9,"column":34}},"5":{"start":{"line":10,"column":19},"end":{"line":10,"column":54}},"6":{"start":{"line":11,"column":2},"end":{"line":36,"column":3}},"7":{"start":{"line":12,"column":20},"end":{"line":19,"column":4}},"8":{"start":{"line":21,"column":22},"end":{"line":21,"column":49}},"9":{"start":{"line":23,"column":19},"end":{"line":29,"column":5}},"10":{"start":{"line":30,"column":3},"end":{"line":33,"column":6}},"11":{"start":{"line":35,"column":3},"end":{"line":35,"column":22}},"12":{"start":{"line":41,"column":16},"end":{"line":41,"column":42}},"13":{"start":{"line":42,"column":21},"end":{"line":42,"column":29}},"14":{"start":{"line":43,"column":2},"end":{"line":61,"column":3}},"15":{"start":{"line":44,"column":20},"end":{"line":44,"column":61}},"16":{"start":{"line":46,"column":30},"end":{"line":46,"column":80}},"17":{"start":{"line":48,"column":19},"end":{"line":54,"column":5}},"18":{"start":{"line":55,"column":3},"end":{"line":58,"column":6}},"19":{"start":{"line":60,"column":3},"end":{"line":60,"column":22}},"20":{"start":{"line":65,"column":21},"end":{"line":65,"column":29}},"21":{"start":{"line":67,"column":2},"end":{"line":91,"column":3}},"22":{"start":{"line":68,"column":16},"end":{"line":76,"column":4}},"23":{"start":{"line":78,"column":30},"end":{"line":78,"column":72}},"24":{"start":{"line":80,"column":24},"end":{"line":87,"column":5}},"25":{"start":{"line":88,"column":3},"end":{"line":88,"column":38}},"26":{"start":{"line":90,"column":3},"end":{"line":90,"column":22}},"27":{"start":{"line":95,"column":19},"end":{"line":95,"column":27}},"28":{"start":{"line":97,"column":21},"end":{"line":97,"column":22}},"29":{"start":{"line":98,"column":2},"end":{"line":119,"column":3}},"30":{"start":{"line":99,"column":20},"end":{"line":99,"column":60}},"31":{"start":{"line":100,"column":24},"end":{"line":100,"column":73}},"32":{"start":{"line":102,"column":30},"end":{"line":102,"column":80}},"33":{"start":{"line":104,"column":25},"end":{"line":111,"column":4}},"34":{"start":{"line":113,"column":3},"end":{"line":113,"column":29}},"35":{"start":{"line":115,"column":24},"end":{"line":115,"column":70}},"36":{"start":{"line":116,"column":3},"end":{"line":116,"column":38}},"37":{"start":{"line":118,"column":3},"end":{"line":118,"column":22}},"38":{"start":{"line":123,"column":42},"end":{"line":123,"column":50}},"39":{"start":{"line":124,"column":2},"end":{"line":140,"column":3}},"40":{"start":{"line":125,"column":3},"end":{"line":137,"column":4}},"41":{"start":{"line":126,"column":4},"end":{"line":126,"column":47}},"42":{"start":{"line":127,"column":10},"end":{"line":137,"column":4}},"43":{"start":{"line":128,"column":4},"end":{"line":136,"column":5}},"44":{"start":{"line":129,"column":20},"end":{"line":129,"column":45}},"45":{"start":{"line":130,"column":22},"end":{"line":130,"column":92}},"46":{"start":{"line":131,"column":5},"end":{"line":131,"column":62}},"47":{"start":{"line":133,"column":20},"end":{"line":133,"column":45}},"48":{"start":{"line":134,"column":22},"end":{"line":134,"column":109}},"49":{"start":{"line":135,"column":5},"end":{"line":135,"column":60}},"50":{"start":{"line":139,"column":3},"end":{"line":139,"column":22}},"51":{"start":{"line":144,"column":34},"end":{"line":144,"column":42}},"52":{"start":{"line":145,"column":2},"end":{"line":161,"column":3}},"53":{"start":{"line":146,"column":3},"end":{"line":158,"column":4}},"54":{"start":{"line":147,"column":4},"end":{"line":147,"column":47}},"55":{"start":{"line":148,"column":10},"end":{"line":158,"column":4}},"56":{"start":{"line":149,"column":4},"end":{"line":157,"column":5}},"57":{"start":{"line":150,"column":20},"end":{"line":150,"column":45}},"58":{"start":{"line":151,"column":22},"end":{"line":151,"column":92}},"59":{"start":{"line":152,"column":5},"end":{"line":152,"column":62}},"60":{"start":{"line":154,"column":20},"end":{"line":154,"column":45}},"61":{"start":{"line":155,"column":22},"end":{"line":155,"column":93}},"62":{"start":{"line":156,"column":5},"end":{"line":156,"column":60}},"63":{"start":{"line":160,"column":3},"end":{"line":160,"column":22}},"64":{"start":{"line":165,"column":0},"end":{"line":165,"column":32}}},"fnMap":{"0":{"name":"(anonymous_0)","decl":{"start":{"line":5,"column":1},"end":{"line":5,"column":2}},"loc":{"start":{"line":5,"column":50},"end":{"line":37,"column":2}},"line":5},"1":{"name":"(anonymous_1)","decl":{"start":{"line":39,"column":1},"end":{"line":39,"column":2}},"loc":{"start":{"line":39,"column":52},"end":{"line":62,"column":2}},"line":39},"2":{"name":"(anonymous_2)","decl":{"start":{"line":64,"column":1},"end":{"line":64,"column":2}},"loc":{"start":{"line":64,"column":47},"end":{"line":92,"column":2}},"line":64},"3":{"name":"(anonymous_3)","decl":{"start":{"line":94,"column":1},"end":{"line":94,"column":2}},"loc":{"start":{"line":94,"column":49},"end":{"line":120,"column":2}},"line":94},"4":{"name":"(anonymous_4)","decl":{"start":{"line":122,"column":1},"end":{"line":122,"column":2}},"loc":{"start":{"line":122,"column":46},"end":{"line":141,"column":2}},"line":122},"5":{"name":"(anonymous_5)","decl":{"start":{"line":143,"column":1},"end":{"line":143,"column":2}},"loc":{"start":{"line":143,"column":51},"end":{"line":162,"column":2}},"line":143}},"branchMap":{"0":{"loc":{"start":{"line":125,"column":3},"end":{"line":137,"column":4}},"type":"if","locations":[{"start":{"line":125,"column":3},"end":{"line":137,"column":4}},{"start":{"line":125,"column":3},"end":{"line":137,"column":4}}],"line":125},"1":{"loc":{"start":{"line":127,"column":10},"end":{"line":137,"column":4}},"type":"if","locations":[{"start":{"line":127,"column":10},"end":{"line":137,"column":4}},{"start":{"line":127,"column":10},"end":{"line":137,"column":4}}],"line":127},"2":{"loc":{"start":{"line":128,"column":4},"end":{"line":136,"column":5}},"type":"if","locations":[{"start":{"line":128,"column":4},"end":{"line":136,"column":5}},{"start":{"line":128,"column":4},"end":{"line":136,"column":5}}],"line":128},"3":{"loc":{"start":{"line":146,"column":3},"end":{"line":158,"column":4}},"type":"if","locations":[{"start":{"line":146,"column":3},"end":{"line":158,"column":4}},{"start":{"line":146,"column":3},"end":{"line":158,"column":4}}],"line":146},"4":{"loc":{"start":{"line":148,"column":10},"end":{"line":158,"column":4}},"type":"if","locations":[{"start":{"line":148,"column":10},"end":{"line":158,"column":4}},{"start":{"line":148,"column":10},"end":{"line":158,"column":4}}],"line":148},"5":{"loc":{"start":{"line":149,"column":4},"end":{"line":157,"column":5}},"type":"if","locations":[{"start":{"line":149,"column":4},"end":{"line":157,"column":5}},{"start":{"line":149,"column":4},"end":{"line":157,"column":5}}],"line":149}},"s":{"0":1,"1":1,"2":0,"3":0,"4":0,"5":0,"6":0,"7":0,"8":0,"9":0,"10":0,"11":0,"12":0,"13":0,"14":0,"15":0,"16":0,"17":0,"18":0,"19":0,"20":0,"21":0,"22":0,"23":0,"24":0,"25":0,"26":0,"27":0,"28":0,"29":0,"30":0,"31":0,"32":0,"33":0,"34":0,"35":0,"36":0,"37":0,"38":0,"39":0,"40":0,"41":0,"42":0,"43":0,"44":0,"45":0,"46":0,"47":0,"48":0,"49":0,"50":0,"51":0,"52":0,"53":0,"54":0,"55":0,"56":0,"57":0,"58":0,"59":0,"60":0,"61":0,"62":0,"63":0,"64":1},"f":{"0":0,"1":0,"2":0,"3":0,"4":0,"5":0},"b":{"0":[0,0],"1":[0,0],"2":[0,0],"3":[0,0],"4":[0,0],"5":[0,0]},"_coverageSchema":"1a1c01bbd47fc00a2c39e90264f33305004495a9","hash":"cdfd05af183719e38ceafe46de4edbdcb211c51e"}
,"D:\\KAIM\\Hacktiv8\\Phase-3\\Week-3\\pinjamanku\\server\\controllers\\userController.js": {"path":"D:\\KAIM\\Hacktiv8\\Phase-3\\Week-3\\pinjamanku\\server\\controllers\\userController.js","statementMap":{"0":{"start":{"line":1,"column":36},"end":{"line":1,"column":56}},"1":{"start":{"line":2,"column":28},"end":{"line":2,"column":56}},"2":{"start":{"line":3,"column":26},"end":{"line":3,"column":51}},"3":{"start":{"line":4,"column":19},"end":{"line":4,"column":48}},"4":{"start":{"line":5,"column":20},"end":{"line":5,"column":47}},"5":{"start":{"line":9,"column":4},"end":{"line":19,"column":5}},"6":{"start":{"line":10,"column":21},"end":{"line":10,"column":43}},"7":{"start":{"line":11,"column":23},"end":{"line":11,"column":47}},"8":{"start":{"line":13,"column":6},"end":{"line":16,"column":9}},"9":{"start":{"line":18,"column":6},"end":{"line":18,"column":34}},"10":{"start":{"line":23,"column":23},"end":{"line":23,"column":33}},"11":{"start":{"line":24,"column":21},"end":{"line":24,"column":30}},"12":{"start":{"line":25,"column":4},"end":{"line":37,"column":5}},"13":{"start":{"line":26,"column":6},"end":{"line":34,"column":7}},"14":{"start":{"line":27,"column":29},"end":{"line":27,"column":76}},"15":{"start":{"line":28,"column":8},"end":{"line":28,"column":43}},"16":{"start":{"line":29,"column":13},"end":{"line":34,"column":7}},"17":{"start":{"line":30,"column":31},"end":{"line":30,"column":80}},"18":{"start":{"line":31,"column":8},"end":{"line":31,"column":45}},"19":{"start":{"line":33,"column":8},"end":{"line":33,"column":38}},"20":{"start":{"line":36,"column":6},"end":{"line":36,"column":34}},"21":{"start":{"line":41,"column":4},"end":{"line":132,"column":5}},"22":{"start":{"line":57,"column":10},"end":{"line":57,"column":18}},"23":{"start":{"line":59,"column":6},"end":{"line":129,"column":7}},"24":{"start":{"line":60,"column":25},"end":{"line":64,"column":9}},"25":{"start":{"line":65,"column":29},"end":{"line":65,"column":57}},"26":{"start":{"line":66,"column":55},"end":{"line":66,"column":67}},"27":{"start":{"line":67,"column":8},"end":{"line":71,"column":9}},"28":{"start":{"line":68,"column":10},"end":{"line":68,"column":39}},"29":{"start":{"line":70,"column":10},"end":{"line":70,"column":40}},"30":{"start":{"line":73,"column":8},"end":{"line":128,"column":9}},"31":{"start":{"line":74,"column":28},"end":{"line":90,"column":11}},"32":{"start":{"line":91,"column":32},"end":{"line":91,"column":62}},"33":{"start":{"line":92,"column":57},"end":{"line":92,"column":70}},"34":{"start":{"line":93,"column":10},"end":{"line":97,"column":11}},"35":{"start":{"line":94,"column":12},"end":{"line":94,"column":41}},"36":{"start":{"line":96,"column":12},"end":{"line":96,"column":42}},"37":{"start":{"line":98,"column":15},"end":{"line":128,"column":9}},"38":{"start":{"line":99,"column":30},"end":{"line":115,"column":11}},"39":{"start":{"line":116,"column":28},"end":{"line":116,"column":84}},"40":{"start":{"line":117,"column":10},"end":{"line":127,"column":11}},"41":{"start":{"line":118,"column":36},"end":{"line":118,"column":70}},"42":{"start":{"line":119,"column":59},"end":{"line":119,"column":74}},"43":{"start":{"line":120,"column":12},"end":{"line":124,"column":13}},"44":{"start":{"line":121,"column":14},"end":{"line":121,"column":43}},"45":{"start":{"line":123,"column":14},"end":{"line":123,"column":44}},"46":{"start":{"line":126,"column":12},"end":{"line":126,"column":41}},"47":{"start":{"line":131,"column":6},"end":{"line":131,"column":34}},"48":{"start":{"line":136,"column":4},"end":{"line":207,"column":5}},"49":{"start":{"line":137,"column":34},"end":{"line":137,"column":42}},"50":{"start":{"line":138,"column":6},"end":{"line":204,"column":7}},"51":{"start":{"line":139,"column":28},"end":{"line":139,"column":69}},"52":{"start":{"line":140,"column":8},"end":{"line":156,"column":9}},"53":{"start":{"line":141,"column":63},"end":{"line":141,"column":74}},"54":{"start":{"line":142,"column":34},"end":{"line":142,"column":74}},"55":{"start":{"line":143,"column":10},"end":{"line":153,"column":11}},"56":{"start":{"line":144,"column":33},"end":{"line":148,"column":13}},"57":{"start":{"line":149,"column":26},"end":{"line":149,"column":53}},"58":{"start":{"line":150,"column":12},"end":{"line":150,"column":83}},"59":{"start":{"line":152,"column":12},"end":{"line":152,"column":48}},"60":{"start":{"line":155,"column":10},"end":{"line":155,"column":46}},"61":{"start":{"line":158,"column":29},"end":{"line":158,"column":71}},"62":{"start":{"line":159,"column":31},"end":{"line":159,"column":75}},"63":{"start":{"line":161,"column":8},"end":{"line":163,"column":9}},"64":{"start":{"line":162,"column":10},"end":{"line":162,"column":36}},"65":{"start":{"line":164,"column":8},"end":{"line":166,"column":9}},"66":{"start":{"line":165,"column":10},"end":{"line":165,"column":38}},"67":{"start":{"line":181,"column":12},"end":{"line":181,"column":22}},"68":{"start":{"line":182,"column":32},"end":{"line":182,"column":71}},"69":{"start":{"line":183,"column":8},"end":{"line":203,"column":9}},"70":{"start":{"line":184,"column":30},"end":{"line":198,"column":11}},"71":{"start":{"line":199,"column":24},"end":{"line":199,"column":50}},"72":{"start":{"line":200,"column":10},"end":{"line":200,"column":87}},"73":{"start":{"line":202,"column":10},"end":{"line":202,"column":62}},"74":{"start":{"line":206,"column":6},"end":{"line":206,"column":34}},"75":{"start":{"line":211,"column":4},"end":{"line":325,"column":5}},"76":{"start":{"line":212,"column":31},"end":{"line":212,"column":39}},"77":{"start":{"line":228,"column":10},"end":{"line":228,"column":18}},"78":{"start":{"line":229,"column":24},"end":{"line":229,"column":26}},"79":{"start":{"line":230,"column":6},"end":{"line":235,"column":7}},"80":{"start":{"line":231,"column":8},"end":{"line":234,"column":10}},"81":{"start":{"line":236,"column":6},"end":{"line":241,"column":7}},"82":{"start":{"line":237,"column":8},"end":{"line":240,"column":10}},"83":{"start":{"line":242,"column":6},"end":{"line":247,"column":7}},"84":{"start":{"line":243,"column":8},"end":{"line":246,"column":10}},"85":{"start":{"line":248,"column":6},"end":{"line":253,"column":7}},"86":{"start":{"line":249,"column":8},"end":{"line":252,"column":10}},"87":{"start":{"line":254,"column":6},"end":{"line":259,"column":7}},"88":{"start":{"line":255,"column":8},"end":{"line":258,"column":10}},"89":{"start":{"line":260,"column":6},"end":{"line":265,"column":7}},"90":{"start":{"line":261,"column":8},"end":{"line":264,"column":10}},"91":{"start":{"line":266,"column":6},"end":{"line":271,"column":7}},"92":{"start":{"line":267,"column":8},"end":{"line":270,"column":10}},"93":{"start":{"line":272,"column":6},"end":{"line":277,"column":7}},"94":{"start":{"line":273,"column":8},"end":{"line":276,"column":10}},"95":{"start":{"line":278,"column":6},"end":{"line":283,"column":7}},"96":{"start":{"line":279,"column":8},"end":{"line":282,"column":10}},"97":{"start":{"line":284,"column":6},"end":{"line":289,"column":7}},"98":{"start":{"line":285,"column":8},"end":{"line":288,"column":10}},"99":{"start":{"line":290,"column":6},"end":{"line":295,"column":7}},"100":{"start":{"line":291,"column":8},"end":{"line":294,"column":10}},"101":{"start":{"line":296,"column":6},"end":{"line":301,"column":7}},"102":{"start":{"line":297,"column":8},"end":{"line":300,"column":10}},"103":{"start":{"line":302,"column":6},"end":{"line":307,"column":7}},"104":{"start":{"line":303,"column":8},"end":{"line":306,"column":10}},"105":{"start":{"line":308,"column":6},"end":{"line":313,"column":7}},"106":{"start":{"line":309,"column":8},"end":{"line":312,"column":10}},"107":{"start":{"line":314,"column":6},"end":{"line":317,"column":7}},"108":{"start":{"line":315,"column":23},"end":{"line":315,"column":74}},"109":{"start":{"line":316,"column":8},"end":{"line":316,"column":37}},"110":{"start":{"line":319,"column":6},"end":{"line":322,"column":7}},"111":{"start":{"line":320,"column":23},"end":{"line":320,"column":76}},"112":{"start":{"line":321,"column":8},"end":{"line":321,"column":37}},"113":{"start":{"line":324,"column":6},"end":{"line":324,"column":34}},"114":{"start":{"line":329,"column":23},"end":{"line":329,"column":33}},"115":{"start":{"line":330,"column":23},"end":{"line":330,"column":31}},"116":{"start":{"line":331,"column":4},"end":{"line":339,"column":5}},"117":{"start":{"line":332,"column":25},"end":{"line":334,"column":7}},"118":{"start":{"line":335,"column":21},"end":{"line":335,"column":81}},"119":{"start":{"line":336,"column":6},"end":{"line":336,"column":35}},"120":{"start":{"line":338,"column":6},"end":{"line":338,"column":34}},"121":{"start":{"line":343,"column":23},"end":{"line":343,"column":33}},"122":{"start":{"line":344,"column":21},"end":{"line":344,"column":30}},"123":{"start":{"line":345,"column":4},"end":{"line":356,"column":5}},"124":{"start":{"line":346,"column":6},"end":{"line":349,"column":7}},"125":{"start":{"line":347,"column":23},"end":{"line":347,"column":70}},"126":{"start":{"line":348,"column":8},"end":{"line":348,"column":37}},"127":{"start":{"line":350,"column":6},"end":{"line":353,"column":7}},"128":{"start":{"line":351,"column":23},"end":{"line":351,"column":72}},"129":{"start":{"line":352,"column":8},"end":{"line":352,"column":37}},"130":{"start":{"line":355,"column":6},"end":{"line":355,"column":34}},"131":{"start":{"line":360,"column":0},"end":{"line":360,"column":32}}},"fnMap":{"0":{"name":"(anonymous_0)","decl":{"start":{"line":8,"column":2},"end":{"line":8,"column":3}},"loc":{"start":{"line":8,"column":38},"end":{"line":20,"column":3}},"line":8},"1":{"name":"(anonymous_1)","decl":{"start":{"line":22,"column":2},"end":{"line":22,"column":3}},"loc":{"start":{"line":22,"column":40},"end":{"line":38,"column":3}},"line":22},"2":{"name":"(anonymous_2)","decl":{"start":{"line":40,"column":2},"end":{"line":40,"column":3}},"loc":{"start":{"line":40,"column":44},"end":{"line":133,"column":3}},"line":40},"3":{"name":"(anonymous_3)","decl":{"start":{"line":135,"column":2},"end":{"line":135,"column":3}},"loc":{"start":{"line":135,"column":41},"end":{"line":208,"column":3}},"line":135},"4":{"name":"(anonymous_4)","decl":{"start":{"line":210,"column":2},"end":{"line":210,"column":3}},"loc":{"start":{"line":210,"column":42},"end":{"line":326,"column":3}},"line":210},"5":{"name":"(anonymous_5)","decl":{"start":{"line":328,"column":2},"end":{"line":328,"column":3}},"loc":{"start":{"line":328,"column":48},"end":{"line":340,"column":3}},"line":328},"6":{"name":"(anonymous_6)","decl":{"start":{"line":342,"column":2},"end":{"line":342,"column":3}},"loc":{"start":{"line":342,"column":42},"end":{"line":357,"column":3}},"line":342}},"branchMap":{"0":{"loc":{"start":{"line":26,"column":6},"end":{"line":34,"column":7}},"type":"if","locations":[{"start":{"line":26,"column":6},"end":{"line":34,"column":7}},{"start":{"line":26,"column":6},"end":{"line":34,"column":7}}],"line":26},"1":{"loc":{"start":{"line":29,"column":13},"end":{"line":34,"column":7}},"type":"if","locations":[{"start":{"line":29,"column":13},"end":{"line":34,"column":7}},{"start":{"line":29,"column":13},"end":{"line":34,"column":7}}],"line":29},"2":{"loc":{"start":{"line":59,"column":6},"end":{"line":129,"column":7}},"type":"if","locations":[{"start":{"line":59,"column":6},"end":{"line":129,"column":7}},{"start":{"line":59,"column":6},"end":{"line":129,"column":7}}],"line":59},"3":{"loc":{"start":{"line":67,"column":8},"end":{"line":71,"column":9}},"type":"if","locations":[{"start":{"line":67,"column":8},"end":{"line":71,"column":9}},{"start":{"line":67,"column":8},"end":{"line":71,"column":9}}],"line":67},"4":{"loc":{"start":{"line":73,"column":8},"end":{"line":128,"column":9}},"type":"if","locations":[{"start":{"line":73,"column":8},"end":{"line":128,"column":9}},{"start":{"line":73,"column":8},"end":{"line":128,"column":9}}],"line":73},"5":{"loc":{"start":{"line":93,"column":10},"end":{"line":97,"column":11}},"type":"if","locations":[{"start":{"line":93,"column":10},"end":{"line":97,"column":11}},{"start":{"line":93,"column":10},"end":{"line":97,"column":11}}],"line":93},"6":{"loc":{"start":{"line":98,"column":15},"end":{"line":128,"column":9}},"type":"if","locations":[{"start":{"line":98,"column":15},"end":{"line":128,"column":9}},{"start":{"line":98,"column":15},"end":{"line":128,"column":9}}],"line":98},"7":{"loc":{"start":{"line":117,"column":10},"end":{"line":127,"column":11}},"type":"if","locations":[{"start":{"line":117,"column":10},"end":{"line":127,"column":11}},{"start":{"line":117,"column":10},"end":{"line":127,"column":11}}],"line":117},"8":{"loc":{"start":{"line":120,"column":12},"end":{"line":124,"column":13}},"type":"if","locations":[{"start":{"line":120,"column":12},"end":{"line":124,"column":13}},{"start":{"line":120,"column":12},"end":{"line":124,"column":13}}],"line":120},"9":{"loc":{"start":{"line":138,"column":6},"end":{"line":204,"column":7}},"type":"if","locations":[{"start":{"line":138,"column":6},"end":{"line":204,"column":7}},{"start":{"line":138,"column":6},"end":{"line":204,"column":7}}],"line":138},"10":{"loc":{"start":{"line":140,"column":8},"end":{"line":156,"column":9}},"type":"if","locations":[{"start":{"line":140,"column":8},"end":{"line":156,"column":9}},{"start":{"line":140,"column":8},"end":{"line":156,"column":9}}],"line":140},"11":{"loc":{"start":{"line":143,"column":10},"end":{"line":153,"column":11}},"type":"if","locations":[{"start":{"line":143,"column":10},"end":{"line":153,"column":11}},{"start":{"line":143,"column":10},"end":{"line":153,"column":11}}],"line":143},"12":{"loc":{"start":{"line":161,"column":8},"end":{"line":163,"column":9}},"type":"if","locations":[{"start":{"line":161,"column":8},"end":{"line":163,"column":9}},{"start":{"line":161,"column":8},"end":{"line":163,"column":9}}],"line":161},"13":{"loc":{"start":{"line":164,"column":8},"end":{"line":166,"column":9}},"type":"if","locations":[{"start":{"line":164,"column":8},"end":{"line":166,"column":9}},{"start":{"line":164,"column":8},"end":{"line":166,"column":9}}],"line":164},"14":{"loc":{"start":{"line":183,"column":8},"end":{"line":203,"column":9}},"type":"if","locations":[{"start":{"line":183,"column":8},"end":{"line":203,"column":9}},{"start":{"line":183,"column":8},"end":{"line":203,"column":9}}],"line":183},"15":{"loc":{"start":{"line":230,"column":6},"end":{"line":235,"column":7}},"type":"if","locations":[{"start":{"line":230,"column":6},"end":{"line":235,"column":7}},{"start":{"line":230,"column":6},"end":{"line":235,"column":7}}],"line":230},"16":{"loc":{"start":{"line":230,"column":10},"end":{"line":230,"column":62}},"type":"binary-expr","locations":[{"start":{"line":230,"column":10},"end":{"line":230,"column":26}},{"start":{"line":230,"column":30},"end":{"line":230,"column":62}}],"line":230},"17":{"loc":{"start":{"line":236,"column":6},"end":{"line":241,"column":7}},"type":"if","locations":[{"start":{"line":236,"column":6},"end":{"line":241,"column":7}},{"start":{"line":236,"column":6},"end":{"line":241,"column":7}}],"line":236},"18":{"loc":{"start":{"line":236,"column":10},"end":{"line":236,"column":58}},"type":"binary-expr","locations":[{"start":{"line":236,"column":10},"end":{"line":236,"column":24}},{"start":{"line":236,"column":28},"end":{"line":236,"column":58}}],"line":236},"19":{"loc":{"start":{"line":242,"column":6},"end":{"line":247,"column":7}},"type":"if","locations":[{"start":{"line":242,"column":6},"end":{"line":247,"column":7}},{"start":{"line":242,"column":6},"end":{"line":247,"column":7}}],"line":242},"20":{"loc":{"start":{"line":242,"column":10},"end":{"line":242,"column":66}},"type":"binary-expr","locations":[{"start":{"line":242,"column":10},"end":{"line":242,"column":28}},{"start":{"line":242,"column":32},"end":{"line":242,"column":66}}],"line":242},"21":{"loc":{"start":{"line":248,"column":6},"end":{"line":253,"column":7}},"type":"if","locations":[{"start":{"line":248,"column":6},"end":{"line":253,"column":7}},{"start":{"line":248,"column":6},"end":{"line":253,"column":7}}],"line":248},"22":{"loc":{"start":{"line":248,"column":10},"end":{"line":248,"column":60}},"type":"binary-expr","locations":[{"start":{"line":248,"column":10},"end":{"line":248,"column":25}},{"start":{"line":248,"column":29},"end":{"line":248,"column":60}}],"line":248},"23":{"loc":{"start":{"line":254,"column":6},"end":{"line":259,"column":7}},"type":"if","locations":[{"start":{"line":254,"column":6},"end":{"line":259,"column":7}},{"start":{"line":254,"column":6},"end":{"line":259,"column":7}}],"line":254},"24":{"loc":{"start":{"line":254,"column":10},"end":{"line":254,"column":54}},"type":"binary-expr","locations":[{"start":{"line":254,"column":10},"end":{"line":254,"column":22}},{"start":{"line":254,"column":26},"end":{"line":254,"column":54}}],"line":254},"25":{"loc":{"start":{"line":260,"column":6},"end":{"line":265,"column":7}},"type":"if","locations":[{"start":{"line":260,"column":6},"end":{"line":265,"column":7}},{"start":{"line":260,"column":6},"end":{"line":265,"column":7}}],"line":260},"26":{"loc":{"start":{"line":260,"column":10},"end":{"line":260,"column":60}},"type":"binary-expr","locations":[{"start":{"line":260,"column":10},"end":{"line":260,"column":25}},{"start":{"line":260,"column":29},"end":{"line":260,"column":60}}],"line":260},"27":{"loc":{"start":{"line":266,"column":6},"end":{"line":271,"column":7}},"type":"if","locations":[{"start":{"line":266,"column":6},"end":{"line":271,"column":7}},{"start":{"line":266,"column":6},"end":{"line":271,"column":7}}],"line":266},"28":{"loc":{"start":{"line":266,"column":10},"end":{"line":266,"column":66}},"type":"binary-expr","locations":[{"start":{"line":266,"column":10},"end":{"line":266,"column":28}},{"start":{"line":266,"column":32},"end":{"line":266,"column":66}}],"line":266},"29":{"loc":{"start":{"line":272,"column":6},"end":{"line":277,"column":7}},"type":"if","locations":[{"start":{"line":272,"column":6},"end":{"line":277,"column":7}},{"start":{"line":272,"column":6},"end":{"line":277,"column":7}}],"line":272},"30":{"loc":{"start":{"line":272,"column":10},"end":{"line":272,"column":58}},"type":"binary-expr","locations":[{"start":{"line":272,"column":10},"end":{"line":272,"column":24}},{"start":{"line":272,"column":28},"end":{"line":272,"column":58}}],"line":272},"31":{"loc":{"start":{"line":278,"column":6},"end":{"line":283,"column":7}},"type":"if","locations":[{"start":{"line":278,"column":6},"end":{"line":283,"column":7}},{"start":{"line":278,"column":6},"end":{"line":283,"column":7}}],"line":278},"32":{"loc":{"start":{"line":278,"column":10},"end":{"line":278,"column":62}},"type":"binary-expr","locations":[{"start":{"line":278,"column":10},"end":{"line":278,"column":26}},{"start":{"line":278,"column":30},"end":{"line":278,"column":62}}],"line":278},"33":{"loc":{"start":{"line":284,"column":6},"end":{"line":289,"column":7}},"type":"if","locations":[{"start":{"line":284,"column":6},"end":{"line":289,"column":7}},{"start":{"line":284,"column":6},"end":{"line":289,"column":7}}],"line":284},"34":{"loc":{"start":{"line":284,"column":10},"end":{"line":284,"column":60}},"type":"binary-expr","locations":[{"start":{"line":284,"column":10},"end":{"line":284,"column":25}},{"start":{"line":284,"column":29},"end":{"line":284,"column":60}}],"line":284},"35":{"loc":{"start":{"line":290,"column":6},"end":{"line":295,"column":7}},"type":"if","locations":[{"start":{"line":290,"column":6},"end":{"line":295,"column":7}},{"start":{"line":290,"column":6},"end":{"line":295,"column":7}}],"line":290},"36":{"loc":{"start":{"line":290,"column":10},"end":{"line":290,"column":64}},"type":"binary-expr","locations":[{"start":{"line":290,"column":10},"end":{"line":290,"column":27}},{"start":{"line":290,"column":31},"end":{"line":290,"column":64}}],"line":290},"37":{"loc":{"start":{"line":296,"column":6},"end":{"line":301,"column":7}},"type":"if","locations":[{"start":{"line":296,"column":6},"end":{"line":301,"column":7}},{"start":{"line":296,"column":6},"end":{"line":301,"column":7}}],"line":296},"38":{"loc":{"start":{"line":296,"column":10},"end":{"line":296,"column":70}},"type":"binary-expr","locations":[{"start":{"line":296,"column":10},"end":{"line":296,"column":30}},{"start":{"line":296,"column":34},"end":{"line":296,"column":70}}],"line":296},"39":{"loc":{"start":{"line":302,"column":6},"end":{"line":307,"column":7}},"type":"if","locations":[{"start":{"line":302,"column":6},"end":{"line":307,"column":7}},{"start":{"line":302,"column":6},"end":{"line":307,"column":7}}],"line":302},"40":{"loc":{"start":{"line":302,"column":10},"end":{"line":302,"column":64}},"type":"binary-expr","locations":[{"start":{"line":302,"column":10},"end":{"line":302,"column":27}},{"start":{"line":302,"column":31},"end":{"line":302,"column":64}}],"line":302},"41":{"loc":{"start":{"line":308,"column":6},"end":{"line":313,"column":7}},"type":"if","locations":[{"start":{"line":308,"column":6},"end":{"line":313,"column":7}},{"start":{"line":308,"column":6},"end":{"line":313,"column":7}}],"line":308},"42":{"loc":{"start":{"line":308,"column":10},"end":{"line":308,"column":52}},"type":"binary-expr","locations":[{"start":{"line":308,"column":10},"end":{"line":308,"column":21}},{"start":{"line":308,"column":25},"end":{"line":308,"column":52}}],"line":308},"43":{"loc":{"start":{"line":314,"column":6},"end":{"line":317,"column":7}},"type":"if","locations":[{"start":{"line":314,"column":6},"end":{"line":317,"column":7}},{"start":{"line":314,"column":6},"end":{"line":317,"column":7}}],"line":314},"44":{"loc":{"start":{"line":319,"column":6},"end":{"line":322,"column":7}},"type":"if","locations":[{"start":{"line":319,"column":6},"end":{"line":322,"column":7}},{"start":{"line":319,"column":6},"end":{"line":322,"column":7}}],"line":319},"45":{"loc":{"start":{"line":346,"column":6},"end":{"line":349,"column":7}},"type":"if","locations":[{"start":{"line":346,"column":6},"end":{"line":349,"column":7}},{"start":{"line":346,"column":6},"end":{"line":349,"column":7}}],"line":346},"46":{"loc":{"start":{"line":350,"column":6},"end":{"line":353,"column":7}},"type":"if","locations":[{"start":{"line":350,"column":6},"end":{"line":353,"column":7}},{"start":{"line":350,"column":6},"end":{"line":353,"column":7}}],"line":350}},"s":{"0":1,"1":1,"2":1,"3":1,"4":1,"5":0,"6":0,"7":0,"8":0,"9":0,"10":0,"11":0,"12":0,"13":0,"14":0,"15":0,"16":0,"17":0,"18":0,"19":0,"20":0,"21":0,"22":0,"23":0,"24":0,"25":0,"26":0,"27":0,"28":0,"29":0,"30":0,"31":0,"32":0,"33":0,"34":0,"35":0,"36":0,"37":0,"38":0,"39":0,"40":0,"41":0,"42":0,"43":0,"44":0,"45":0,"46":0,"47":0,"48":0,"49":0,"50":0,"51":0,"52":0,"53":0,"54":0,"55":0,"56":0,"57":0,"58":0,"59":0,"60":0,"61":0,"62":0,"63":0,"64":0,"65":0,"66":0,"67":0,"68":0,"69":0,"70":0,"71":0,"72":0,"73":0,"74":0,"75":0,"76":0,"77":0,"78":0,"79":0,"80":0,"81":0,"82":0,"83":0,"84":0,"85":0,"86":0,"87":0,"88":0,"89":0,"90":0,"91":0,"92":0,"93":0,"94":0,"95":0,"96":0,"97":0,"98":0,"99":0,"100":0,"101":0,"102":0,"103":0,"104":0,"105":0,"106":0,"107":0,"108":0,"109":0,"110":0,"111":0,"112":0,"113":0,"114":0,"115":0,"116":0,"117":0,"118":0,"119":0,"120":0,"121":0,"122":0,"123":0,"124":0,"125":0,"126":0,"127":0,"128":0,"129":0,"130":0,"131":1},"f":{"0":0,"1":0,"2":0,"3":0,"4":0,"5":0,"6":0},"b":{"0":[0,0],"1":[0,0],"2":[0,0],"3":[0,0],"4":[0,0],"5":[0,0],"6":[0,0],"7":[0,0],"8":[0,0],"9":[0,0],"10":[0,0],"11":[0,0],"12":[0,0],"13":[0,0],"14":[0,0],"15":[0,0],"16":[0,0],"17":[0,0],"18":[0,0],"19":[0,0],"20":[0,0],"21":[0,0],"22":[0,0],"23":[0,0],"24":[0,0],"25":[0,0],"26":[0,0],"27":[0,0],"28":[0,0],"29":[0,0],"30":[0,0],"31":[0,0],"32":[0,0],"33":[0,0],"34":[0,0],"35":[0,0],"36":[0,0],"37":[0,0],"38":[0,0],"39":[0,0],"40":[0,0],"41":[0,0],"42":[0,0],"43":[0,0],"44":[0,0],"45":[0,0],"46":[0,0]},"_coverageSchema":"1a1c01bbd47fc00a2c39e90264f33305004495a9","hash":"6f3d4760e9a5527074f2e8e80b7d08c7ed064abe"}
,"D:\\KAIM\\Hacktiv8\\Phase-3\\Week-3\\pinjamanku\\server\\helpers\\NodeMailer.js": {"path":"D:\\KAIM\\Hacktiv8\\Phase-3\\Week-3\\pinjamanku\\server\\helpers\\NodeMailer.js","statementMap":{"0":{"start":{"line":1,"column":19},"end":{"line":1,"column":40}},"1":{"start":{"line":4,"column":17},"end":{"line":4,"column":22}},"2":{"start":{"line":5,"column":20},"end":{"line":11,"column":4}},"3":{"start":{"line":12,"column":16},"end":{"line":17,"column":3}},"4":{"start":{"line":18,"column":2},"end":{"line":30,"column":3}},"5":{"start":{"line":19,"column":19},"end":{"line":19,"column":54}},"6":{"start":{"line":20,"column":4},"end":{"line":25,"column":5}},"7":{"start":{"line":21,"column":6},"end":{"line":24,"column":8}},"8":{"start":{"line":27,"column":4},"end":{"line":29,"column":6}},"9":{"start":{"line":32,"column":0},"end":{"line":32,"column":26}}},"fnMap":{"0":{"name":"sendMail","decl":{"start":{"line":3,"column":15},"end":{"line":3,"column":23}},"loc":{"start":{"line":3,"column":41},"end":{"line":31,"column":1}},"line":3}},"branchMap":{"0":{"loc":{"start":{"line":20,"column":4},"end":{"line":25,"column":5}},"type":"if","locations":[{"start":{"line":20,"column":4},"end":{"line":25,"column":5}},{"start":{"line":20,"column":4},"end":{"line":25,"column":5}}],"line":20}},"s":{"0":1,"1":0,"2":0,"3":0,"4":0,"5":0,"6":0,"7":0,"8":0,"9":1},"f":{"0":0},"b":{"0":[0,0]},"_coverageSchema":"1a1c01bbd47fc00a2c39e90264f33305004495a9","hash":"601fb5181762aeeb954a7ded0334592619ae2b92"}
,"D:\\KAIM\\Hacktiv8\\Phase-3\\Week-3\\pinjamanku\\server\\helpers\\Xendit.js": {"path":"D:\\KAIM\\Hacktiv8\\Phase-3\\Week-3\\pinjamanku\\server\\helpers\\Xendit.js","statementMap":{"0":{"start":{"line":1,"column":15},"end":{"line":1,"column":37}},"1":{"start":{"line":2,"column":10},"end":{"line":4,"column":2}},"2":{"start":{"line":5,"column":34},"end":{"line":5,"column":35}},"3":{"start":{"line":6,"column":31},"end":{"line":6,"column":33}},"4":{"start":{"line":7,"column":36},"end":{"line":7,"column":38}},"5":{"start":{"line":8,"column":22},"end":{"line":8,"column":57}},"6":{"start":{"line":9,"column":27},"end":{"line":9,"column":72}},"7":{"start":{"line":11,"column":0},"end":{"line":11,"column":55}}},"fnMap":{},"branchMap":{},"s":{"0":1,"1":1,"2":1,"3":1,"4":1,"5":1,"6":1,"7":1},"f":{},"b":{},"_coverageSchema":"1a1c01bbd47fc00a2c39e90264f33305004495a9","hash":"33a71dcf6879078baaf93d6e2f5bb345c2891402"}
,"D:\\KAIM\\Hacktiv8\\Phase-3\\Week-3\\pinjamanku\\server\\helpers\\admin.js": {"path":"D:\\KAIM\\Hacktiv8\\Phase-3\\Week-3\\pinjamanku\\server\\helpers\\admin.js","statementMap":{"0":{"start":{"line":1,"column":16},"end":{"line":8,"column":1}},"1":{"start":{"line":2,"column":24},"end":{"line":2,"column":40}},"2":{"start":{"line":3,"column":2},"end":{"line":7,"column":3}},"3":{"start":{"line":4,"column":4},"end":{"line":4,"column":16}},"4":{"start":{"line":6,"column":4},"end":{"line":6,"column":17}},"5":{"start":{"line":10,"column":0},"end":{"line":10,"column":29}}},"fnMap":{"0":{"name":"(anonymous_0)","decl":{"start":{"line":1,"column":16},"end":{"line":1,"column":17}},"loc":{"start":{"line":1,"column":27},"end":{"line":8,"column":1}},"line":1}},"branchMap":{"0":{"loc":{"start":{"line":3,"column":2},"end":{"line":7,"column":3}},"type":"if","locations":[{"start":{"line":3,"column":2},"end":{"line":7,"column":3}},{"start":{"line":3,"column":2},"end":{"line":7,"column":3}}],"line":3}},"s":{"0":1,"1":0,"2":0,"3":0,"4":0,"5":1},"f":{"0":0},"b":{"0":[0,0]},"_coverageSchema":"1a1c01bbd47fc00a2c39e90264f33305004495a9","hash":"d7ac6046f32493fd513aa313f922d103f3a52a4a"}
,"D:\\KAIM\\Hacktiv8\\Phase-3\\Week-3\\pinjamanku\\server\\helpers\\bcrypt.js": {"path":"D:\\KAIM\\Hacktiv8\\Phase-3\\Week-3\\pinjamanku\\server\\helpers\\bcrypt.js","statementMap":{"0":{"start":{"line":1,"column":15},"end":{"line":1,"column":34}},"1":{"start":{"line":3,"column":21},"end":{"line":7,"column":1}},"2":{"start":{"line":4,"column":15},"end":{"line":4,"column":37}},"3":{"start":{"line":5,"column":15},"end":{"line":5,"column":46}},"4":{"start":{"line":6,"column":2},"end":{"line":6,"column":14}},"5":{"start":{"line":9,"column":24},"end":{"line":11,"column":1}},"6":{"start":{"line":10,"column":2},"end":{"line":10,"column":44}},"7":{"start":{"line":13,"column":0},"end":{"line":16,"column":2}}},"fnMap":{"0":{"name":"(anonymous_0)","decl":{"start":{"line":3,"column":21},"end":{"line":3,"column":22}},"loc":{"start":{"line":3,"column":35},"end":{"line":7,"column":1}},"line":3},"1":{"name":"(anonymous_1)","decl":{"start":{"line":9,"column":24},"end":{"line":9,"column":25}},"loc":{"start":{"line":9,"column":44},"end":{"line":11,"column":1}},"line":9}},"branchMap":{},"s":{"0":1,"1":1,"2":0,"3":0,"4":0,"5":1,"6":0,"7":1},"f":{"0":0,"1":0},"b":{},"_coverageSchema":"1a1c01bbd47fc00a2c39e90264f33305004495a9","hash":"8d94617b126938bd4b0ca8ceef8d27d13748c5c1"}
,"D:\\KAIM\\Hacktiv8\\Phase-3\\Week-3\\pinjamanku\\server\\helpers\\dailyCo.js": {"path":"D:\\KAIM\\Hacktiv8\\Phase-3\\Week-3\\pinjamanku\\server\\helpers\\dailyCo.js","statementMap":{"0":{"start":{"line":1,"column":14},"end":{"line":1,"column":30}},"1":{"start":{"line":2,"column":17},"end":{"line":2,"column":40}},"2":{"start":{"line":5,"column":22},"end":{"line":5,"column":32}},"3":{"start":{"line":6,"column":2},"end":{"line":35,"column":3}},"4":{"start":{"line":7,"column":19},"end":{"line":23,"column":6}},"5":{"start":{"line":24,"column":21},"end":{"line":24,"column":27}},"6":{"start":{"line":25,"column":48},"end":{"line":25,"column":79}},"7":{"start":{"line":27,"column":4},"end":{"line":31,"column":5}},"8":{"start":{"line":28,"column":6},"end":{"line":28,"column":18}},"9":{"start":{"line":30,"column":6},"end":{"line":30,"column":19}},"10":{"start":{"line":33,"column":4},"end":{"line":33,"column":23}},"11":{"start":{"line":34,"column":4},"end":{"line":34,"column":17}},"12":{"start":{"line":37,"column":0},"end":{"line":37,"column":28}}},"fnMap":{"0":{"name":"createRoom","decl":{"start":{"line":4,"column":15},"end":{"line":4,"column":25}},"loc":{"start":{"line":4,"column":47},"end":{"line":36,"column":1}},"line":4}},"branchMap":{"0":{"loc":{"start":{"line":27,"column":4},"end":{"line":31,"column":5}},"type":"if","locations":[{"start":{"line":27,"column":4},"end":{"line":31,"column":5}},{"start":{"line":27,"column":4},"end":{"line":31,"column":5}}],"line":27}},"s":{"0":1,"1":1,"2":0,"3":0,"4":0,"5":0,"6":0,"7":0,"8":0,"9":0,"10":0,"11":0,"12":1},"f":{"0":0},"b":{"0":[0,0]},"_coverageSchema":"1a1c01bbd47fc00a2c39e90264f33305004495a9","hash":"ba046550f05b6ee21ce26ed99843253eece97a87"}
,"D:\\KAIM\\Hacktiv8\\Phase-3\\Week-3\\pinjamanku\\server\\helpers\\jwt.js": {"path":"D:\\KAIM\\Hacktiv8\\Phase-3\\Week-3\\pinjamanku\\server\\helpers\\jwt.js","statementMap":{"0":{"start":{"line":1,"column":12},"end":{"line":1,"column":35}},"1":{"start":{"line":3,"column":22},"end":{"line":5,"column":1}},"2":{"start":{"line":4,"column":2},"end":{"line":4,"column":47}},"3":{"start":{"line":7,"column":20},"end":{"line":9,"column":1}},"4":{"start":{"line":8,"column":2},"end":{"line":8,"column":47}},"5":{"start":{"line":11,"column":0},"end":{"line":14,"column":2}}},"fnMap":{"0":{"name":"(anonymous_0)","decl":{"start":{"line":3,"column":22},"end":{"line":3,"column":23}},"loc":{"start":{"line":3,"column":35},"end":{"line":5,"column":1}},"line":3},"1":{"name":"(anonymous_1)","decl":{"start":{"line":7,"column":20},"end":{"line":7,"column":21}},"loc":{"start":{"line":7,"column":31},"end":{"line":9,"column":1}},"line":7}},"branchMap":{},"s":{"0":1,"1":1,"2":0,"3":1,"4":0,"5":1},"f":{"0":0,"1":0},"b":{},"_coverageSchema":"1a1c01bbd47fc00a2c39e90264f33305004495a9","hash":"8d076efe1b4565358d1063548df19c80a2aff571"}
,"D:\\KAIM\\Hacktiv8\\Phase-3\\Week-3\\pinjamanku\\server\\middlewares\\errorHandler.js": {"path":"D:\\KAIM\\Hacktiv8\\Phase-3\\Week-3\\pinjamanku\\server\\middlewares\\errorHandler.js","statementMap":{"0":{"start":{"line":1,"column":21},"end":{"line":34,"column":1}},"1":{"start":{"line":2,"column":15},"end":{"line":2,"column":23}},"2":{"start":{"line":4,"column":2},"end":{"line":6,"column":3}},"3":{"start":{"line":5,"column":4},"end":{"line":5,"column":53}},"4":{"start":{"line":5,"column":41},"end":{"line":5,"column":51}},"5":{"start":{"line":8,"column":2},"end":{"line":33,"column":3}},"6":{"start":{"line":10,"column":6},"end":{"line":10,"column":53}},"7":{"start":{"line":11,"column":6},"end":{"line":11,"column":12}},"8":{"start":{"line":13,"column":6},"end":{"line":13,"column":53}},"9":{"start":{"line":14,"column":6},"end":{"line":14,"column":12}},"10":{"start":{"line":16,"column":6},"end":{"line":16,"column":53}},"11":{"start":{"line":17,"column":6},"end":{"line":17,"column":12}},"12":{"start":{"line":19,"column":6},"end":{"line":19,"column":53}},"13":{"start":{"line":20,"column":6},"end":{"line":20,"column":12}},"14":{"start":{"line":22,"column":6},"end":{"line":22,"column":66}},"15":{"start":{"line":23,"column":6},"end":{"line":23,"column":12}},"16":{"start":{"line":25,"column":6},"end":{"line":25,"column":62}},"17":{"start":{"line":26,"column":6},"end":{"line":26,"column":12}},"18":{"start":{"line":28,"column":6},"end":{"line":28,"column":65}},"19":{"start":{"line":29,"column":6},"end":{"line":29,"column":12}},"20":{"start":{"line":31,"column":6},"end":{"line":31,"column":65}},"21":{"start":{"line":32,"column":6},"end":{"line":32,"column":12}},"22":{"start":{"line":36,"column":0},"end":{"line":36,"column":34}}},"fnMap":{"0":{"name":"(anonymous_0)","decl":{"start":{"line":1,"column":21},"end":{"line":1,"column":22}},"loc":{"start":{"line":1,"column":51},"end":{"line":34,"column":1}},"line":1},"1":{"name":"(anonymous_1)","decl":{"start":{"line":5,"column":33},"end":{"line":5,"column":34}},"loc":{"start":{"line":5,"column":41},"end":{"line":5,"column":51}},"line":5}},"branchMap":{"0":{"loc":{"start":{"line":4,"column":2},"end":{"line":6,"column":3}},"type":"if","locations":[{"start":{"line":4,"column":2},"end":{"line":6,"column":3}},{"start":{"line":4,"column":2},"end":{"line":6,"column":3}}],"line":4},"1":{"loc":{"start":{"line":8,"column":2},"end":{"line":33,"column":3}},"type":"switch","locations":[{"start":{"line":9,"column":4},"end":{"line":11,"column":12}},{"start":{"line":12,"column":4},"end":{"line":14,"column":12}},{"start":{"line":15,"column":4},"end":{"line":17,"column":12}},{"start":{"line":18,"column":4},"end":{"line":20,"column":12}},{"start":{"line":21,"column":4},"end":{"line":23,"column":12}},{"start":{"line":24,"column":4},"end":{"line":26,"column":12}},{"start":{"line":27,"column":4},"end":{"line":29,"column":12}},{"start":{"line":30,"column":4},"end":{"line":32,"column":12}}],"line":8}},"s":{"0":1,"1":0,"2":0,"3":0,"4":0,"5":0,"6":0,"7":0,"8":0,"9":0,"10":0,"11":0,"12":0,"13":0,"14":0,"15":0,"16":0,"17":0,"18":0,"19":0,"20":0,"21":0,"22":1},"f":{"0":0,"1":0},"b":{"0":[0,0],"1":[0,0,0,0,0,0,0,0]},"_coverageSchema":"1a1c01bbd47fc00a2c39e90264f33305004495a9","hash":"337c82da70302b39c22fad09a77e97ba7cc78b22"}
,"D:\\KAIM\\Hacktiv8\\Phase-3\\Week-3\\pinjamanku\\server\\models\\borrower.js": {"path":"D:\\KAIM\\Hacktiv8\\Phase-3\\Week-3\\pinjamanku\\server\\models\\borrower.js","statementMap":{"0":{"start":{"line":2,"column":18},"end":{"line":2,"column":38}},"1":{"start":{"line":3,"column":25},"end":{"line":3,"column":53}},"2":{"start":{"line":4,"column":0},"end":{"line":217,"column":2}},"3":{"start":{"line":13,"column":6},"end":{"line":13,"column":66}},"4":{"start":{"line":16,"column":2},"end":{"line":215,"column":4}},"5":{"start":{"line":209,"column":10},"end":{"line":209,"column":54}},"6":{"start":{"line":216,"column":2},"end":{"line":216,"column":18}}},"fnMap":{"0":{"name":"(anonymous_0)","decl":{"start":{"line":4,"column":17},"end":{"line":4,"column":18}},"loc":{"start":{"line":4,"column":43},"end":{"line":217,"column":1}},"line":4},"1":{"name":"(anonymous_1)","decl":{"start":{"line":11,"column":4},"end":{"line":11,"column":5}},"loc":{"start":{"line":11,"column":29},"end":{"line":14,"column":5}},"line":11},"2":{"name":"(anonymous_2)","decl":{"start":{"line":208,"column":22},"end":{"line":208,"column":23}},"loc":{"start":{"line":208,"column":32},"end":{"line":210,"column":9}},"line":208}},"branchMap":{},"s":{"0":1,"1":1,"2":1,"3":1,"4":1,"5":0,"6":1},"f":{"0":1,"1":1,"2":0},"b":{},"_coverageSchema":"1a1c01bbd47fc00a2c39e90264f33305004495a9","hash":"f13394938bdebf33b590af3fdb10cd60a5d8b7a6"}
,"D:\\KAIM\\Hacktiv8\\Phase-3\\Week-3\\pinjamanku\\server\\models\\history.js": {"path":"D:\\KAIM\\Hacktiv8\\Phase-3\\Week-3\\pinjamanku\\server\\models\\history.js","statementMap":{"0":{"start":{"line":4,"column":4},"end":{"line":4,"column":24}},"1":{"start":{"line":5,"column":0},"end":{"line":27,"column":2}},"2":{"start":{"line":16,"column":2},"end":{"line":25,"column":5}},"3":{"start":{"line":26,"column":2},"end":{"line":26,"column":17}}},"fnMap":{"0":{"name":"(anonymous_0)","decl":{"start":{"line":5,"column":17},"end":{"line":5,"column":18}},"loc":{"start":{"line":5,"column":43},"end":{"line":27,"column":1}},"line":5},"1":{"name":"(anonymous_1)","decl":{"start":{"line":12,"column":4},"end":{"line":12,"column":5}},"loc":{"start":{"line":12,"column":29},"end":{"line":14,"column":5}},"line":12}},"branchMap":{},"s":{"0":1,"1":1,"2":1,"3":1},"f":{"0":1,"1":1},"b":{},"_coverageSchema":"1a1c01bbd47fc00a2c39e90264f33305004495a9","hash":"a00420fd8d9ada6e35b4e28981add6fed2727c4c"}
,"D:\\KAIM\\Hacktiv8\\Phase-3\\Week-3\\pinjamanku\\server\\models\\index.js": {"path":"D:\\KAIM\\Hacktiv8\\Phase-3\\Week-3\\pinjamanku\\server\\models\\index.js","statementMap":{"0":{"start":{"line":3,"column":11},"end":{"line":3,"column":24}},"1":{"start":{"line":4,"column":13},"end":{"line":4,"column":28}},"2":{"start":{"line":5,"column":18},"end":{"line":5,"column":38}},"3":{"start":{"line":6,"column":17},"end":{"line":6,"column":42}},"4":{"start":{"line":7,"column":12},"end":{"line":7,"column":49}},"5":{"start":{"line":8,"column":15},"end":{"line":8,"column":65}},"6":{"start":{"line":9,"column":11},"end":{"line":9,"column":13}},"7":{"start":{"line":12,"column":0},"end":{"line":16,"column":1}},"8":{"start":{"line":13,"column":2},"end":{"line":13,"column":74}},"9":{"start":{"line":15,"column":2},"end":{"line":15,"column":87}},"10":{"start":{"line":18,"column":0},"end":{"line":26,"column":5}},"11":{"start":{"line":21,"column":4},"end":{"line":21,"column":90}},"12":{"start":{"line":24,"column":18},"end":{"line":24,"column":85}},"13":{"start":{"line":25,"column":4},"end":{"line":25,"column":27}},"14":{"start":{"line":28,"column":0},"end":{"line":32,"column":3}},"15":{"start":{"line":29,"column":2},"end":{"line":31,"column":3}},"16":{"start":{"line":30,"column":4},"end":{"line":30,"column":32}},"17":{"start":{"line":34,"column":0},"end":{"line":34,"column":25}},"18":{"start":{"line":35,"column":0},"end":{"line":35,"column":25}},"19":{"start":{"line":37,"column":0},"end":{"line":37,"column":20}}},"fnMap":{"0":{"name":"(anonymous_0)","decl":{"start":{"line":20,"column":10},"end":{"line":20,"column":11}},"loc":{"start":{"line":20,"column":18},"end":{"line":22,"column":3}},"line":20},"1":{"name":"(anonymous_1)","decl":{"start":{"line":23,"column":11},"end":{"line":23,"column":12}},"loc":{"start":{"line":23,"column":19},"end":{"line":26,"column":3}},"line":23},"2":{"name":"(anonymous_2)","decl":{"start":{"line":28,"column":24},"end":{"line":28,"column":25}},"loc":{"start":{"line":28,"column":37},"end":{"line":32,"column":1}},"line":28}},"branchMap":{"0":{"loc":{"start":{"line":7,"column":12},"end":{"line":7,"column":49}},"type":"binary-expr","locations":[{"start":{"line":7,"column":12},"end":{"line":7,"column":32}},{"start":{"line":7,"column":36},"end":{"line":7,"column":49}}],"line":7},"1":{"loc":{"start":{"line":12,"column":0},"end":{"line":16,"column":1}},"type":"if","locations":[{"start":{"line":12,"column":0},"end":{"line":16,"column":1}},{"start":{"line":12,"column":0},"end":{"line":16,"column":1}}],"line":12},"2":{"loc":{"start":{"line":21,"column":11},"end":{"line":21,"column":89}},"type":"binary-expr","locations":[{"start":{"line":21,"column":12},"end":{"line":21,"column":35}},{"start":{"line":21,"column":41},"end":{"line":21,"column":58}},{"start":{"line":21,"column":64},"end":{"line":21,"column":88}}],"line":21},"3":{"loc":{"start":{"line":29,"column":2},"end":{"line":31,"column":3}},"type":"if","locations":[{"start":{"line":29,"column":2},"end":{"line":31,"column":3}},{"start":{"line":29,"column":2},"end":{"line":31,"column":3}}],"line":29}},"s":{"0":1,"1":1,"2":1,"3":1,"4":1,"5":1,"6":1,"7":1,"8":0,"9":1,"10":1,"11":8,"12":7,"13":7,"14":1,"15":7,"16":7,"17":1,"18":1,"19":1},"f":{"0":8,"1":7,"2":7},"b":{"0":[1,0],"1":[0,1],"2":[8,8,7],"3":[7,0]},"_coverageSchema":"1a1c01bbd47fc00a2c39e90264f33305004495a9","hash":"08c287091aca30f3e6795dffd9158ab9394d8c6c"}
,"D:\\KAIM\\Hacktiv8\\Phase-3\\Week-3\\pinjamanku\\server\\models\\lender.js": {"path":"D:\\KAIM\\Hacktiv8\\Phase-3\\Week-3\\pinjamanku\\server\\models\\lender.js","statementMap":{"0":{"start":{"line":2,"column":18},"end":{"line":2,"column":38}},"1":{"start":{"line":3,"column":25},"end":{"line":3,"column":53}},"2":{"start":{"line":4,"column":0},"end":{"line":217,"column":2}},"3":{"start":{"line":13,"column":6},"end":{"line":13,"column":62}},"4":{"start":{"line":16,"column":2},"end":{"line":215,"column":4}},"5":{"start":{"line":209,"column":10},"end":{"line":209,"column":54}},"6":{"start":{"line":216,"column":2},"end":{"line":216,"column":16}}},"fnMap":{"0":{"name":"(anonymous_0)","decl":{"start":{"line":4,"column":17},"end":{"line":4,"column":18}},"loc":{"start":{"line":4,"column":43},"end":{"line":217,"column":1}},"line":4},"1":{"name":"(anonymous_1)","decl":{"start":{"line":11,"column":4},"end":{"line":11,"column":5}},"loc":{"start":{"line":11,"column":29},"end":{"line":14,"column":5}},"line":11},"2":{"name":"(anonymous_2)","decl":{"start":{"line":208,"column":22},"end":{"line":208,"column":23}},"loc":{"start":{"line":208,"column":32},"end":{"line":210,"column":9}},"line":208}},"branchMap":{},"s":{"0":1,"1":1,"2":1,"3":1,"4":1,"5":0,"6":1},"f":{"0":1,"1":1,"2":0},"b":{},"_coverageSchema":"1a1c01bbd47fc00a2c39e90264f33305004495a9","hash":"24f00b0b0a75279f742bd80ea2d091a3136d0164"}
,"D:\\KAIM\\Hacktiv8\\Phase-3\\Week-3\\pinjamanku\\server\\models\\loan.js": {"path":"D:\\KAIM\\Hacktiv8\\Phase-3\\Week-3\\pinjamanku\\server\\models\\loan.js","statementMap":{"0":{"start":{"line":4,"column":4},"end":{"line":4,"column":24}},"1":{"start":{"line":5,"column":0},"end":{"line":30,"column":2}},"2":{"start":{"line":14,"column":6},"end":{"line":14,"column":61}},"3":{"start":{"line":15,"column":6},"end":{"line":15,"column":65}},"4":{"start":{"line":18,"column":2},"end":{"line":28,"column":5}},"5":{"start":{"line":29,"column":2},"end":{"line":29,"column":14}}},"fnMap":{"0":{"name":"(anonymous_0)","decl":{"start":{"line":5,"column":17},"end":{"line":5,"column":18}},"loc":{"start":{"line":5,"column":43},"end":{"line":30,"column":1}},"line":5},"1":{"name":"(anonymous_1)","decl":{"start":{"line":12,"column":4},"end":{"line":12,"column":5}},"loc":{"start":{"line":12,"column":29},"end":{"line":16,"column":5}},"line":12}},"branchMap":{},"s":{"0":1,"1":1,"2":1,"3":1,"4":1,"5":1},"f":{"0":1,"1":1},"b":{},"_coverageSchema":"1a1c01bbd47fc00a2c39e90264f33305004495a9","hash":"aea953abc7a4c868ea74930e2660869860fef0c5"}
,"D:\\KAIM\\Hacktiv8\\Phase-3\\Week-3\\pinjamanku\\server\\models\\schedule.js": {"path":"D:\\KAIM\\Hacktiv8\\Phase-3\\Week-3\\pinjamanku\\server\\models\\schedule.js","statementMap":{"0":{"start":{"line":2,"column":18},"end":{"line":2,"column":38}},"1":{"start":{"line":3,"column":0},"end":{"line":26,"column":2}},"2":{"start":{"line":14,"column":2},"end":{"line":24,"column":4}},"3":{"start":{"line":25,"column":2},"end":{"line":25,"column":18}}},"fnMap":{"0":{"name":"(anonymous_0)","decl":{"start":{"line":3,"column":17},"end":{"line":3,"column":18}},"loc":{"start":{"line":3,"column":43},"end":{"line":26,"column":1}},"line":3},"1":{"name":"(anonymous_1)","decl":{"start":{"line":10,"column":4},"end":{"line":10,"column":5}},"loc":{"start":{"line":10,"column":29},"end":{"line":12,"column":5}},"line":10}},"branchMap":{},"s":{"0":1,"1":1,"2":1,"3":1},"f":{"0":1,"1":1},"b":{},"_coverageSchema":"1a1c01bbd47fc00a2c39e90264f33305004495a9","hash":"2988d271be1d4ef0807a0c0648cd37fb79561b66"}
,"D:\\KAIM\\Hacktiv8\\Phase-3\\Week-3\\pinjamanku\\server\\models\\staff.js": {"path":"D:\\KAIM\\Hacktiv8\\Phase-3\\Week-3\\pinjamanku\\server\\models\\staff.js","statementMap":{"0":{"start":{"line":2,"column":18},"end":{"line":2,"column":38}},"1":{"start":{"line":3,"column":25},"end":{"line":3,"column":53}},"2":{"start":{"line":4,"column":0},"end":{"line":32,"column":2}},"3":{"start":{"line":15,"column":2},"end":{"line":30,"column":4}},"4":{"start":{"line":24,"column":10},"end":{"line":24,"column":54}},"5":{"start":{"line":31,"column":2},"end":{"line":31,"column":15}}},"fnMap":{"0":{"name":"(anonymous_0)","decl":{"start":{"line":4,"column":17},"end":{"line":4,"column":18}},"loc":{"start":{"line":4,"column":43},"end":{"line":32,"column":1}},"line":4},"1":{"name":"(anonymous_1)","decl":{"start":{"line":11,"column":4},"end":{"line":11,"column":5}},"loc":{"start":{"line":11,"column":29},"end":{"line":13,"column":5}},"line":11},"2":{"name":"(anonymous_2)","decl":{"start":{"line":23,"column":22},"end":{"line":23,"column":23}},"loc":{"start":{"line":23,"column":32},"end":{"line":25,"column":9}},"line":23}},"branchMap":{},"s":{"0":1,"1":1,"2":1,"3":1,"4":0,"5":1},"f":{"0":1,"1":1,"2":0},"b":{},"_coverageSchema":"1a1c01bbd47fc00a2c39e90264f33305004495a9","hash":"a571cbc666db1cb619b1d4c621cf6047151e4df7"}
,"D:\\KAIM\\Hacktiv8\\Phase-3\\Week-3\\pinjamanku\\server\\models\\user.js": {"path":"D:\\KAIM\\Hacktiv8\\Phase-3\\Week-3\\pinjamanku\\server\\models\\user.js","statementMap":{"0":{"start":{"line":2,"column":18},"end":{"line":2,"column":38}},"1":{"start":{"line":3,"column":25},"end":{"line":3,"column":53}},"2":{"start":{"line":4,"column":0},"end":{"line":193,"column":2}},"3":{"start":{"line":13,"column":6},"end":{"line":13,"column":32}},"4":{"start":{"line":16,"column":2},"end":{"line":191,"column":4}},"5":{"start":{"line":185,"column":10},"end":{"line":185,"column":54}},"6":{"start":{"line":192,"column":2},"end":{"line":192,"column":14}}},"fnMap":{"0":{"name":"(anonymous_0)","decl":{"start":{"line":4,"column":17},"end":{"line":4,"column":18}},"loc":{"start":{"line":4,"column":43},"end":{"line":193,"column":1}},"line":4},"1":{"name":"(anonymous_1)","decl":{"start":{"line":11,"column":4},"end":{"line":11,"column":5}},"loc":{"start":{"line":11,"column":29},"end":{"line":14,"column":5}},"line":11},"2":{"name":"(anonymous_2)","decl":{"start":{"line":184,"column":22},"end":{"line":184,"column":23}},"loc":{"start":{"line":184,"column":32},"end":{"line":186,"column":9}},"line":184}},"branchMap":{},"s":{"0":1,"1":1,"2":1,"3":1,"4":1,"5":0,"6":1},"f":{"0":1,"1":1,"2":0},"b":{},"_coverageSchema":"1a1c01bbd47fc00a2c39e90264f33305004495a9","hash":"af6e9ab5e908591d11186e5544dc7368065d3fe6"}
,"D:\\KAIM\\Hacktiv8\\Phase-3\\Week-3\\pinjamanku\\server\\routes\\index.js": {"path":"D:\\KAIM\\Hacktiv8\\Phase-3\\Week-3\\pinjamanku\\server\\routes\\index.js","statementMap":{"0":{"start":{"line":1,"column":15},"end":{"line":1,"column":42}},"1":{"start":{"line":2,"column":19},"end":{"line":2,"column":42}},"2":{"start":{"line":3,"column":19},"end":{"line":3,"column":42}},"3":{"start":{"line":5,"column":0},"end":{"line":5,"column":33}},"4":{"start":{"line":6,"column":0},"end":{"line":6,"column":33}},"5":{"start":{"line":8,"column":0},"end":{"line":8,"column":24}}},"fnMap":{},"branchMap":{},"s":{"0":1,"1":1,"2":1,"3":1,"4":1,"5":1},"f":{},"b":{},"_coverageSchema":"1a1c01bbd47fc00a2c39e90264f33305004495a9","hash":"1e064881fe9c5e289267315a103f4c245b18771d"}
,"D:\\KAIM\\Hacktiv8\\Phase-3\\Week-3\\pinjamanku\\server\\routes\\loanRoutes.js": {"path":"D:\\KAIM\\Hacktiv8\\Phase-3\\Week-3\\pinjamanku\\server\\routes\\loanRoutes.js","statementMap":{"0":{"start":{"line":1,"column":15},"end":{"line":1,"column":42}},"1":{"start":{"line":2,"column":23},"end":{"line":2,"column":63}},"2":{"start":{"line":4,"column":0},"end":{"line":4,"column":71}},"3":{"start":{"line":5,"column":0},"end":{"line":5,"column":67}},"4":{"start":{"line":6,"column":0},"end":{"line":6,"column":69}},"5":{"start":{"line":7,"column":0},"end":{"line":7,"column":65}},"6":{"start":{"line":8,"column":0},"end":{"line":8,"column":65}},"7":{"start":{"line":9,"column":0},"end":{"line":9,"column":75}},"8":{"start":{"line":11,"column":0},"end":{"line":11,"column":24}}},"fnMap":{},"branchMap":{},"s":{"0":1,"1":1,"2":1,"3":1,"4":1,"5":1,"6":1,"7":1,"8":1},"f":{},"b":{},"_coverageSchema":"1a1c01bbd47fc00a2c39e90264f33305004495a9","hash":"20c6f5b1bfffcf93f9343ae2a2aa38aed71ad35a"}
,"D:\\KAIM\\Hacktiv8\\Phase-3\\Week-3\\pinjamanku\\server\\routes\\userRoutes.js": {"path":"D:\\KAIM\\Hacktiv8\\Phase-3\\Week-3\\pinjamanku\\server\\routes\\userRoutes.js","statementMap":{"0":{"start":{"line":1,"column":15},"end":{"line":1,"column":42}},"1":{"start":{"line":2,"column":19},"end":{"line":2,"column":59}},"2":{"start":{"line":4,"column":0},"end":{"line":4,"column":35}},"3":{"start":{"line":5,"column":0},"end":{"line":5,"column":44}},"4":{"start":{"line":6,"column":0},"end":{"line":6,"column":50}},"5":{"start":{"line":7,"column":0},"end":{"line":7,"column":44}},"6":{"start":{"line":8,"column":0},"end":{"line":8,"column":41}},"7":{"start":{"line":9,"column":0},"end":{"line":9,"column":48}},"8":{"start":{"line":10,"column":0},"end":{"line":10,"column":49}},"9":{"start":{"line":12,"column":0},"end":{"line":12,"column":24}}},"fnMap":{},"branchMap":{},"s":{"0":1,"1":1,"2":1,"3":1,"4":1,"5":1,"6":1,"7":1,"8":1,"9":1},"f":{},"b":{},"_coverageSchema":"1a1c01bbd47fc00a2c39e90264f33305004495a9","hash":"9522bad1c82754cb5e14aeccf3225695dde781c3"}
}
