TN:
SF:app.js
FNF:0
FNH:0
DA:1,1
DA:2,1
DA:4,1
DA:5,1
DA:6,1
DA:7,1
DA:8,1
DA:9,1
DA:10,1
DA:12,1
DA:13,1
DA:14,1
DA:16,1
DA:18,1
DA:20,1
DA:22,1
LF:16
LH:16
BRDA:1,0,0,1
BRDA:1,0,1,0
BRF:2
BRH:1
end_of_record
TN:
SF:controllers\loanController.js
FN:5,(anonymous_0)
FN:19,(anonymous_1)
FN:33,(anonymous_2)
FN:51,(anonymous_3)
FN:66,(anonymous_4)
FN:100,(anonymous_5)
FN:125,(anonymous_6)
FN:156,(anonymous_7)
FN:183,(anonymous_8)
FN:210,(anonymous_9)
FNF:10
FNH:0
FNDA:0,(anonymous_0)
FNDA:0,(anonymous_1)
FNDA:0,(anonymous_2)
FNDA:0,(anonymous_3)
FNDA:0,(anonymous_4)
FNDA:0,(anonymous_5)
FNDA:0,(anonymous_6)
FNDA:0,(anonymous_7)
FNDA:0,(anonymous_8)
FNDA:0,(anonymous_9)
DA:1,1
DA:2,1
DA:6,0
DA:7,0
DA:8,0
DA:9,0
DA:10,0
DA:12,0
DA:13,0
DA:15,0
DA:20,0
DA:21,0
DA:22,0
DA:23,0
DA:24,0
DA:26,0
DA:29,0
DA:34,0
DA:36,0
DA:37,0
DA:41,0
DA:42,0
DA:44,0
DA:47,0
DA:52,0
DA:54,0
DA:55,0
DA:56,0
DA:57,0
DA:59,0
DA:62,0
DA:67,0
DA:70,0
DA:71,0
DA:72,0
DA:73,0
DA:82,0
DA:84,0
DA:91,0
DA:96,0
DA:101,0
DA:103,0
DA:104,0
DA:105,0
DA:107,0
DA:109,0
DA:116,0
DA:121,0
DA:127,0
DA:129,0
DA:130,0
DA:140,0
DA:142,0
DA:150,0
DA:152,0
DA:158,0
DA:160,0
DA:161,0
DA:162,0
DA:163,0
DA:164,0
DA:165,0
DA:167,0
DA:176,0
DA:177,0
DA:179,0
DA:184,0
DA:185,0
DA:186,0
DA:187,0
DA:188,0
DA:189,0
DA:190,0
DA:191,0
DA:195,0
DA:197,0
DA:198,0
DA:202,0
DA:206,0
DA:211,0
DA:212,0
DA:213,0
DA:214,0
DA:215,0
DA:216,0
DA:217,0
DA:218,0
DA:222,0
DA:224,0
DA:225,0
DA:229,0
DA:233,0
DA:238,1
LF:93
LH:3
BRDA:9,0,0,0
BRDA:9,0,1,0
BRDA:23,1,0,0
BRDA:23,1,1,0
BRDA:41,2,0,0
BRDA:41,2,1,0
BRDA:56,3,0,0
BRDA:56,3,1,0
BRDA:186,4,0,0
BRDA:186,4,1,0
BRDA:188,5,0,0
BRDA:188,5,1,0
BRDA:189,6,0,0
BRDA:189,6,1,0
BRDA:213,7,0,0
BRDA:213,7,1,0
BRDA:215,8,0,0
BRDA:215,8,1,0
BRDA:216,9,0,0
BRDA:216,9,1,0
BRF:20
BRH:0
end_of_record
TN:
SF:controllers\scheduleController.js
FN:5,(anonymous_0)
FN:10,(anonymous_1)
FN:55,(anonymous_2)
FN:59,(anonymous_3)
FN:76,(anonymous_4)
FNF:5
FNH:0
FNDA:0,(anonymous_0)
FNDA:0,(anonymous_1)
FNDA:0,(anonymous_2)
FNDA:0,(anonymous_3)
FNDA:0,(anonymous_4)
DA:1,1
DA:2,1
DA:6,0
DA:7,0
DA:8,0
DA:9,0
DA:10,0
DA:11,0
DA:12,0
DA:13,0
DA:14,0
DA:15,0
DA:16,0
DA:18,0
DA:19,0
DA:21,0
DA:32,0
DA:40,0
DA:41,0
DA:42,0
DA:43,0
DA:46,0
DA:48,0
DA:51,0
DA:56,0
DA:57,0
DA:58,0
DA:59,0
DA:60,0
DA:61,0
DA:62,0
DA:65,0
DA:68,0
DA:75,0
DA:76,0
DA:78,0
DA:79,0
DA:80,0
DA:88,0
DA:97,0
DA:98,0
DA:99,0
DA:102,0
DA:103,0
DA:105,0
DA:108,0
DA:109,0
DA:114,1
LF:48
LH:3
BRDA:9,0,0,0
BRDA:9,0,1,0
BRDA:13,1,0,0
BRDA:13,1,1,0
BRDA:58,2,0,0
BRDA:58,2,1,0
BRDA:60,3,0,0
BRDA:60,3,1,0
BRDA:75,4,0,0
BRDA:75,4,1,0
BRF:10
BRH:0
end_of_record
TN:
SF:controllers\userController.js
FN:8,(anonymous_0)
FN:22,(anonymous_1)
FN:42,(anonymous_2)
FN:148,(anonymous_3)
FN:235,(anonymous_4)
FN:297,(anonymous_5)
FN:311,(anonymous_6)
FNF:7
FNH:7
FNDA:1,(anonymous_0)
FNDA:2,(anonymous_1)
FNDA:19,(anonymous_2)
FNDA:7,(anonymous_3)
FNDA:2,(anonymous_4)
FNDA:1,(anonymous_5)
FNDA:2,(anonymous_6)
DA:1,1
DA:2,1
DA:3,1
DA:4,1
DA:5,1
DA:9,1
DA:10,1
DA:11,1
DA:13,1
DA:18,0
DA:23,2
DA:24,2
DA:25,2
DA:26,2
DA:27,1
DA:28,1
DA:29,1
DA:30,1
DA:31,1
DA:33,0
DA:38,0
DA:43,19
DA:59,19
DA:61,19
DA:62,1
DA:67,1
DA:68,1
DA:69,1
DA:70,1
DA:72,0
DA:76,18
DA:77,16
DA:94,16
DA:95,1
DA:96,1
DA:97,1
DA:99,0
DA:103,2
DA:104,1
DA:105,1
DA:122,1
DA:123,1
DA:124,1
DA:125,1
DA:126,1
DA:127,1
DA:129,0
DA:134,0
DA:139,1
DA:144,15
DA:149,7
DA:150,7
DA:151,7
DA:152,3
DA:153,3
DA:154,2
DA:155,2
DA:156,2
DA:157,1
DA:163,1
DA:164,1
DA:166,1
DA:171,1
DA:176,4
DA:177,4
DA:179,4
DA:180,2
DA:182,4
DA:183,1
DA:185,4
DA:186,1
DA:204,4
DA:205,3
DA:206,3
DA:207,2
DA:222,2
DA:223,2
DA:225,1
DA:231,1
DA:236,2
DA:237,2
DA:239,2
DA:240,2
DA:241,2
DA:242,2
DA:247,2
DA:248,2
DA:253,2
DA:254,2
DA:259,2
DA:260,2
DA:265,2
DA:266,2
DA:271,2
DA:272,2
DA:277,2
DA:278,2
DA:283,2
DA:284,1
DA:285,1
DA:288,2
DA:289,1
DA:290,1
DA:293,0
DA:298,1
DA:299,1
DA:300,1
DA:301,1
DA:304,1
DA:305,1
DA:307,0
DA:312,2
DA:313,2
DA:314,2
DA:315,2
DA:316,1
DA:317,1
DA:319,2
DA:320,1
DA:321,1
DA:324,0
DA:329,1
LF:122
LH:112
BRDA:26,0,0,1
BRDA:26,0,1,1
BRDA:29,1,0,1
BRDA:29,1,1,0
BRDA:61,2,0,1
BRDA:61,2,1,18
BRDA:69,3,0,1
BRDA:69,3,1,0
BRDA:76,4,0,16
BRDA:76,4,1,2
BRDA:96,5,0,1
BRDA:96,5,1,0
BRDA:103,6,0,1
BRDA:103,6,1,1
BRDA:123,7,0,1
BRDA:123,7,1,0
BRDA:126,8,0,1
BRDA:126,8,1,0
BRDA:151,9,0,3
BRDA:151,9,1,4
BRDA:153,10,0,2
BRDA:153,10,1,1
BRDA:156,11,0,1
BRDA:156,11,1,1
BRDA:179,12,0,2
BRDA:179,12,1,2
BRDA:182,13,0,1
BRDA:182,13,1,3
BRDA:185,14,0,1
BRDA:185,14,1,3
BRDA:206,15,0,2
BRDA:206,15,1,1
BRDA:241,16,0,2
BRDA:241,16,1,0
BRDA:241,17,0,2
BRDA:241,17,1,2
BRDA:247,18,0,2
BRDA:247,18,1,0
BRDA:247,19,0,2
BRDA:247,19,1,2
BRDA:253,20,0,2
BRDA:253,20,1,0
BRDA:253,21,0,2
BRDA:253,21,1,2
BRDA:259,22,0,2
BRDA:259,22,1,0
BRDA:259,23,0,2
BRDA:259,23,1,2
BRDA:265,24,0,2
BRDA:265,24,1,0
BRDA:265,25,0,2
BRDA:265,25,1,2
BRDA:271,26,0,2
BRDA:271,26,1,0
BRDA:271,27,0,2
BRDA:271,27,1,2
BRDA:277,28,0,2
BRDA:277,28,1,0
BRDA:277,29,0,2
BRDA:277,29,1,2
BRDA:283,30,0,1
BRDA:283,30,1,1
BRDA:288,31,0,1
BRDA:288,31,1,1
BRDA:315,32,0,1
BRDA:315,32,1,1
BRDA:319,33,0,1
BRDA:319,33,1,1
BRF:68
BRH:56
end_of_record
TN:
SF:helpers\NodeMailer.js
FN:3,sendMail
FNF:1
FNH:0
FNDA:0,sendMail
DA:1,1
DA:4,0
DA:5,0
DA:12,0
DA:18,0
DA:19,0
DA:20,0
DA:21,0
DA:27,0
DA:32,1
LF:10
LH:2
BRDA:20,0,0,0
BRDA:20,0,1,0
BRF:2
BRH:0
end_of_record
TN:
SF:helpers\Xendit.js
FNF:0
FNH:0
DA:1,1
DA:2,1
DA:5,1
DA:6,1
DA:7,1
DA:8,1
DA:9,1
DA:11,1
LF:8
LH:8
BRF:0
BRH:0
end_of_record
TN:
SF:helpers\admin.js
FN:1,(anonymous_0)
FNF:1
FNH:1
FNDA:26,(anonymous_0)
DA:1,1
DA:2,26
DA:3,25
DA:4,25
DA:5,4
DA:7,21
DA:10,1
DA:14,1
LF:8
LH:8
BRDA:2,0,0,25
BRDA:2,0,1,1
BRDA:4,1,0,4
BRDA:4,1,1,21
BRF:4
BRH:4
end_of_record
TN:
SF:helpers\bcrypt.js
FN:3,(anonymous_0)
FN:9,(anonymous_1)
FNF:2
FNH:2
FNDA:7,(anonymous_0)
FNDA:5,(anonymous_1)
DA:1,1
DA:3,1
DA:4,7
DA:5,7
DA:6,7
DA:9,1
DA:10,5
DA:13,1
LF:8
LH:8
BRF:0
BRH:0
end_of_record
TN:
SF:helpers\dailyCo.js
FN:4,createRoom
FNF:1
FNH:0
FNDA:0,createRoom
DA:1,1
DA:2,1
DA:5,0
DA:6,0
DA:7,0
DA:24,0
DA:25,0
DA:27,0
DA:28,0
DA:30,0
DA:33,0
DA:36,1
LF:12
LH:3
BRDA:27,0,0,0
BRDA:27,0,1,0
BRF:2
BRH:0
end_of_record
TN:
SF:helpers\jwt.js
FN:3,(anonymous_0)
FN:7,(anonymous_1)
FNF:2
FNH:2
FNDA:5,(anonymous_0)
FNDA:2,(anonymous_1)
DA:1,1
DA:3,1
DA:4,5
DA:7,1
DA:8,2
DA:11,1
LF:6
LH:6
BRF:0
BRH:0
end_of_record
TN:
SF:middlewares\authentication.js
FN:3,(anonymous_0)
FNF:1
FNH:1
FNDA:2,(anonymous_0)
DA:1,1
DA:3,1
DA:4,2
DA:5,2
DA:6,2
DA:7,2
DA:8,2
DA:9,2
DA:11,0
DA:14,0
DA:18,1
LF:11
LH:9
BRDA:5,0,0,2
BRDA:5,0,1,0
BRDA:8,1,0,2
BRDA:8,1,1,0
BRF:4
BRH:2
end_of_record
TN:
SF:middlewares\authorization.js
FN:3,(anonymous_0)
FN:6,(anonymous_1)
FN:17,(anonymous_2)
FN:22,(anonymous_3)
FN:25,(anonymous_4)
FN:36,(anonymous_5)
FNF:6
FNH:0
FNDA:0,(anonymous_0)
FNDA:0,(anonymous_1)
FNDA:0,(anonymous_2)
FNDA:0,(anonymous_3)
FNDA:0,(anonymous_4)
FNDA:0,(anonymous_5)
DA:1,1
DA:3,1
DA:4,0
DA:5,0
DA:7,0
DA:8,0
DA:9,0
DA:11,0
DA:14,0
DA:18,0
DA:22,1
DA:23,0
DA:24,0
DA:26,0
DA:27,0
DA:28,0
DA:30,0
DA:33,0
DA:37,0
DA:41,1
LF:20
LH:4
BRDA:7,0,0,0
BRDA:7,0,1,0
BRDA:8,1,0,0
BRDA:8,1,1,0
BRDA:26,2,0,0
BRDA:26,2,1,0
BRDA:27,3,0,0
BRDA:27,3,1,0
BRF:8
BRH:0
end_of_record
TN:
SF:middlewares\errorHandler.js
FN:1,(anonymous_0)
FN:6,(anonymous_1)
FNF:2
FNH:2
FNDA:20,(anonymous_0)
FNDA:16,(anonymous_1)
DA:1,1
DA:2,20
DA:3,20
DA:5,20
DA:6,16
DA:9,20
DA:11,14
DA:12,14
DA:14,0
DA:15,0
DA:17,1
DA:18,1
DA:20,4
DA:21,4
DA:23,1
DA:24,1
DA:26,0
DA:27,0
DA:29,0
DA:30,0
DA:32,0
DA:33,0
DA:35,0
DA:36,0
DA:40,1
LF:25
LH:15
BRDA:5,0,0,15
BRDA:5,0,1,5
BRDA:9,1,0,14
BRDA:9,1,1,0
BRDA:9,1,2,1
BRDA:9,1,3,4
BRDA:9,1,4,1
BRDA:9,1,5,0
BRDA:9,1,6,0
BRDA:9,1,7,0
BRDA:9,1,8,0
BRF:11
BRH:6
end_of_record
TN:
SF:models\borrower.js
FN:4,(anonymous_0)
FN:11,(anonymous_1)
FN:209,(anonymous_2)
FNF:3
FNH:3
FNDA:1,(anonymous_0)
FNDA:1,(anonymous_1)
FNDA:2,(anonymous_2)
DA:2,1
DA:3,1
DA:4,1
DA:13,1
DA:14,1
DA:17,1
DA:210,2
DA:217,1
LF:8
LH:8
BRF:0
BRH:0
end_of_record
TN:
SF:models\history.js
FN:5,(anonymous_0)
FN:12,(anonymous_1)
FNF:2
FNH:2
FNDA:1,(anonymous_0)
FNDA:1,(anonymous_1)
DA:4,1
DA:5,1
DA:16,1
DA:26,1
LF:4
LH:4
BRF:0
BRH:0
end_of_record
TN:
SF:models\index.js
FN:20,(anonymous_0)
FN:23,(anonymous_1)
FN:28,(anonymous_2)
FNF:3
FNH:3
FNDA:7,(anonymous_0)
FNDA:6,(anonymous_1)
FNDA:6,(anonymous_2)
DA:3,1
DA:4,1
DA:5,1
DA:6,1
DA:7,1
DA:8,1
DA:9,1
DA:12,1
DA:13,0
DA:15,1
DA:18,1
DA:21,7
DA:24,6
DA:25,6
DA:28,1
DA:29,6
DA:30,6
DA:34,1
DA:35,1
DA:37,1
LF:20
LH:19
BRDA:7,0,0,1
BRDA:7,0,1,0
BRDA:12,1,0,0
BRDA:12,1,1,1
BRDA:21,2,0,7
BRDA:21,2,1,7
BRDA:21,2,2,6
BRDA:29,3,0,6
BRDA:29,3,1,0
BRF:9
BRH:6
end_of_record
TN:
SF:models\lender.js
FN:4,(anonymous_0)
FN:11,(anonymous_1)
FN:209,(anonymous_2)
FNF:3
FNH:3
FNDA:1,(anonymous_0)
FNDA:1,(anonymous_1)
FNDA:3,(anonymous_2)
DA:2,1
DA:3,1
DA:4,1
DA:13,1
DA:14,1
DA:17,1
DA:210,3
DA:217,1
LF:8
LH:8
BRF:0
BRH:0
end_of_record
TN:
SF:models\loan.js
FN:5,(anonymous_0)
FN:12,(anonymous_1)
FN:28,(anonymous_2)
FNF:3
FNH:2
FNDA:1,(anonymous_0)
FNDA:1,(anonymous_1)
FNDA:0,(anonymous_2)
DA:4,1
DA:5,1
DA:14,1
DA:15,1
DA:18,1
DA:29,0
DA:35,1
LF:7
LH:6
BRF:0
BRH:0
end_of_record
TN:
SF:models\schedule.js
FN:3,(anonymous_0)
FN:10,(anonymous_1)
FNF:2
FNH:2
FNDA:1,(anonymous_0)
FNDA:1,(anonymous_1)
DA:2,1
DA:3,1
DA:14,1
DA:25,1
LF:4
LH:4
BRF:0
BRH:0
end_of_record
TN:
SF:models\staff.js
FN:4,(anonymous_0)
FN:11,(anonymous_1)
FN:23,(anonymous_2)
FNF:3
FNH:3
FNDA:1,(anonymous_0)
FNDA:1,(anonymous_1)
FNDA:2,(anonymous_2)
DA:2,1
DA:3,1
DA:4,1
DA:15,1
DA:24,2
DA:31,1
LF:6
LH:6
BRF:0
BRH:0
end_of_record
TN:
SF:routes\index.js
FNF:0
FNH:0
DA:1,1
DA:2,1
DA:3,1
DA:5,1
DA:6,1
DA:8,1
LF:6
LH:6
BRF:0
BRH:0
end_of_record
TN:
SF:routes\loanRoutes.js
FNF:0
FNH:0
DA:1,1
DA:2,1
DA:3,1
DA:4,1
DA:6,1
DA:8,1
DA:10,1
DA:11,1
DA:12,1
DA:13,1
DA:14,1
DA:15,1
DA:16,1
DA:17,1
DA:18,1
DA:20,1
LF:16
LH:16
BRF:0
BRH:0
end_of_record
TN:
SF:routes\userRoutes.js
FNF:0
FNH:0
DA:1,1
DA:2,1
DA:3,1
DA:5,1
DA:6,1
DA:7,1
DA:8,1
DA:9,1
DA:10,1
DA:11,1
DA:13,1
LF:11
LH:11
BRF:0
BRH:0
end_of_record
